time="2016-09-24T13:36:42+01:00" level=debug msg="End parsing log file arguments and setup log file" 
time="2016-09-24T13:36:42+01:00" level=debug msg="After log setup" 
time="2016-09-24T13:36:42+01:00" level=debug msg="Before assign RPC config." 
time="2016-09-24T13:36:42+01:00" level=debug msg="After assign RPC config." 
time="2016-09-24T13:36:42+01:00" level=debug msg="End initArgs()" 
time="2016-09-24T13:36:42+01:00" level=debug msg="After initArgs()." 
time="2016-09-24T13:36:42+01:00" level=debug msg="Before startRPC()" 
time="2016-09-24T13:36:42+01:00" level=debug msg="Before startRPC()" 
time="2016-09-24T13:36:42+01:00" level=debug msg="Before rpc.NewService" Configuration: ="{Protocol:binary Framed:false Buffered:false Host:127.0.0.1 Port:8778 Secure:false BufferSize:8192 Loglevel: Logfile: CallbackPort:0}" 
time="2016-09-24T13:36:42+01:00" level=debug msg="begin rpc.ServiceImpl.NewService()" Config="{Protocol:binary Framed:false Buffered:false Host:127.0.0.1 Port:8778 Secure:false BufferSize:8192 Loglevel: Logfile: CallbackPort:0}" 
time="2016-09-24T13:36:42+01:00" level=debug msg="end rpc.ServiceImpl.NewService()" 
time="2016-09-24T13:36:42+01:00" level=debug msg="After rpc.NewService" 
time="2016-09-24T13:36:42+01:00" level=debug msg="Attempting to start RPC interface on port" port=8778 
time="2016-09-24T13:36:42+01:00" level=debug msg="begin rpc.ServiceImpl.start()" 
time="2016-09-24T13:36:42+01:00" level=debug msg="Begin RPC.WPWithinHandler.NewWPWithinHander()" 
time="2016-09-24T13:36:42+01:00" level=debug msg="End RPC.WPWithinHandler.NewWPWithinHander()" 
time="2016-09-24T13:36:42+01:00" level=debug msg="Starting the rpc server on...: 127.0.0.1:8778" 
time="2016-09-24T13:36:42+01:00" level=debug msg="Begin RPC.WPWithinHandler.Setup()" 
time="2016-09-24T13:36:42+01:00" level=debug msg="wp.callback not set, not setting handler in WPWithin." 
time="2016-09-24T13:36:42+01:00" level=debug msg="End RPC.WPWithinHandler.Setup()" 
time="2016-09-24T13:36:42+01:00" level=debug msg="Begin RPC.WPWithinHandler.GetDevice()" 
time="2016-09-24T13:36:42+01:00" level=debug msg="Found 0 services for device" 
time="2016-09-24T13:36:42+01:00" level=debug msg="End RPC.WPWithinHandler.GetDevice()" 
time="2016-09-24T13:36:42+01:00" level=debug msg="Begin RPC.WPWithinHandler.ServiceDiscovery()" 
time="2016-09-24T13:36:42+01:00" level=debug msg="Begin ScanForServices(timeout = 15000)" 
time="2016-09-24T13:36:45+01:00" level=debug msg="Did receive message from 172.16.14.44:56092: {\"deviceDescription\":\"Car service provided by robot...\",\"hostname\":\"172.16.14.44\",\"portNumber\":64521,\"serverID\":\"264aa8c0-daa6-4e20-46e2-8803a1d20f20\",\"urlPrefix\":\"\",\"scheme\":\"http://\"}" 
time="2016-09-24T13:36:45+01:00" level=info msg="Did decode broadcast message: types.BroadcastMessage{DeviceDescription:\"Car service provided by robot...\", Hostname:\"172.16.14.44\", PortNumber:64521, ServerID:\"264aa8c0-daa6-4e20-46e2-8803a1d20f20\", URLPrefix:\"\", Scheme:\"http://\"}" 
time="2016-09-24T13:36:46+01:00" level=debug msg="Did receive message from 172.16.14.74:60405: {\"deviceDescription\":\"nUber\",\"hostname\":\"172.16.14.74\",\"portNumber\":64521,\"serverID\":\"bbc271d1-ad62-40a4-5b02-6273b82ac353\",\"urlPrefix\":\"\",\"scheme\":\"http://\"}" 
time="2016-09-24T13:36:46+01:00" level=info msg="Did decode broadcast message: types.BroadcastMessage{DeviceDescription:\"nUber\", Hostname:\"172.16.14.74\", PortNumber:64521, ServerID:\"bbc271d1-ad62-40a4-5b02-6273b82ac353\", URLPrefix:\"\", Scheme:\"http://\"}" 
time="2016-09-24T13:36:50+01:00" level=debug msg="Did receive message from 172.16.14.44:50064: {\"deviceDescription\":\"Car service provided by robot...\",\"hostname\":\"172.16.14.44\",\"portNumber\":64521,\"serverID\":\"264aa8c0-daa6-4e20-46e2-8803a1d20f20\",\"urlPrefix\":\"\",\"scheme\":\"http://\"}" 
time="2016-09-24T13:36:50+01:00" level=info msg="Did decode broadcast message: types.BroadcastMessage{DeviceDescription:\"Car service provided by robot...\", Hostname:\"172.16.14.44\", PortNumber:64521, ServerID:\"264aa8c0-daa6-4e20-46e2-8803a1d20f20\", URLPrefix:\"\", Scheme:\"http://\"}" 
time="2016-09-24T13:36:51+01:00" level=debug msg="Did receive message from 172.16.14.74:63539: {\"deviceDescription\":\"nUber\",\"hostname\":\"172.16.14.74\",\"portNumber\":64521,\"serverID\":\"bbc271d1-ad62-40a4-5b02-6273b82ac353\",\"urlPrefix\":\"\",\"scheme\":\"http://\"}" 
time="2016-09-24T13:36:51+01:00" level=info msg="Did decode broadcast message: types.BroadcastMessage{DeviceDescription:\"nUber\", Hostname:\"172.16.14.74\", PortNumber:64521, ServerID:\"bbc271d1-ad62-40a4-5b02-6273b82ac353\", URLPrefix:\"\", Scheme:\"http://\"}" 
time="2016-09-24T13:36:55+01:00" level=debug msg="Did receive message from 172.16.14.44:50462: {\"deviceDescription\":\"Car service provided by robot...\",\"hostname\":\"172.16.14.44\",\"portNumber\":64521,\"serverID\":\"264aa8c0-daa6-4e20-46e2-8803a1d20f20\",\"urlPrefix\":\"\",\"scheme\":\"http://\"}" 
time="2016-09-24T13:36:55+01:00" level=info msg="Did decode broadcast message: types.BroadcastMessage{DeviceDescription:\"Car service provided by robot...\", Hostname:\"172.16.14.44\", PortNumber:64521, ServerID:\"264aa8c0-daa6-4e20-46e2-8803a1d20f20\", URLPrefix:\"\", Scheme:\"http://\"}" 
time="2016-09-24T13:36:56+01:00" level=debug msg="Did receive message from 172.16.14.74:58758: {\"deviceDescription\":\"nUber\",\"hostname\":\"172.16.14.74\",\"portNumber\":64521,\"serverID\":\"bbc271d1-ad62-40a4-5b02-6273b82ac353\",\"urlPrefix\":\"\",\"scheme\":\"http://\"}" 
time="2016-09-24T13:36:56+01:00" level=info msg="Did decode broadcast message: types.BroadcastMessage{DeviceDescription:\"nUber\", Hostname:\"172.16.14.74\", PortNumber:64521, ServerID:\"bbc271d1-ad62-40a4-5b02-6273b82ac353\", URLPrefix:\"\", Scheme:\"http://\"}" 
time="2016-09-24T13:37:00+01:00" level=debug msg="Did receive message from 172.16.14.44:63822: {\"deviceDescription\":\"Car service provided by robot...\",\"hostname\":\"172.16.14.44\",\"portNumber\":64521,\"serverID\":\"264aa8c0-daa6-4e20-46e2-8803a1d20f20\",\"urlPrefix\":\"\",\"scheme\":\"http://\"}" 
time="2016-09-24T13:37:00+01:00" level=info msg="Did decode broadcast message: types.BroadcastMessage{DeviceDescription:\"Car service provided by robot...\", Hostname:\"172.16.14.44\", PortNumber:64521, ServerID:\"264aa8c0-daa6-4e20-46e2-8803a1d20f20\", URLPrefix:\"\", Scheme:\"http://\"}" 
time="2016-09-24T13:37:00+01:00" level=debug msg="Fitime="2016-09-24T13:37:00+01:00" level=debug msg="Begin OWP MakePayment" Amount=125 ClientToken="TEST_SU_962559a8-3d80-498e-9299-85bcacd78d7a" CurrencyCode=GBP CustomerOrderCode=17da2816-1ea3-46b7-5b11-de1a7bb5333d OrderDescription="Car charger - 5 units @ GBP 0.25 per unit." 
time="2016-09-24T13:37:00+01:00" level=debug msg="JSON form of OrderRequest object." JSON="{\"token\":\"TEST_SU_962559a8-3d80-498e-9299-85bcacd78d7a\",\"amount\":125,\"currencyCode\":\"GBP\",\"orderDescription\":\"Car charger - 5 units @ GBP 0.25 per unit.\",\"customerOrderCode\":\"17da2816-1ea3-46b7-5b11-de1a7bb5333d\"}" 
time="2016-09-24T13:37:00+01:00" level=debug msg="Using OWP parameters" MerchantSvcKey="T_S_6a02c61d-6fce-48eb-9419-06d9d2708427" Request URL="https://api.worldpay.com/v1/orders" 
time="2016-09-24T13:37:00+01:00" level=debug msg="Sending Order POST request." RequestJSON="{\"token\":\"TEST_SU_962559a8-3d80-498e-9299-85bcacd78d7a\",\"amount\":125,\"currencyCode\":\"GBP\",\"orderDescription\":\"Car charger - 5 units @ GBP 0.25 per unit.\",\"customerOrderCode\":\"17da2816-1ea3-46b7-5b11-de1a7bb5333d\"}" Url="https://api.worldpay.com/v1/orders" 
time="2016-09-24T13:37:00+01:00" level=debug msg="Response body: {\"orderCode\":\"dd14280d-c30a-4719-af0d-cce6fdd4a5e2\",\"token\":\"TEST_SU_962559a8-3d80-498e-9299-85bcacd78d7a\",\"orderDescription\":\"Car charger - 5 units @ GBP 0.25 per unit.\",\"amount\":125,\"currencyCode\":\"GBP\",\"paymentStatus\":\"SUCCESS\",\"paymentResponse\":{\"type\":\"ObfuscatedCard\",\"name\":\"Bilbo Baggins\",\"expiryMonth\":11,\"expiryYear\":2018,\"cardType\":\"MASTERCARD_CREDIT\",\"maskedCardNumber\":\"**** **** **** 4444\",\"cardSchemeType\":\"consumer\",\"cardSchemeName\":\"MCI CREDIT\",\"cardIssuer\":\"LLOYDS BANK PLC\",\"countryCode\":\"GB\",\"cardClass\":\"credit\",\"cardProductTypeDescNonContactless\":\"MasterCard Business\",\"cardProductTypeDescContactless\":\"CL MasterCard Bus\",\"prepaid\":\"unknown\"},\"customerOrderCode\":\"17da2816-1ea3-46b7-5b11-de1a7bb5333d\",\"environment\":\"TEST\",\"riskScore\":{\"value\":\"1\"},\"resultCodes\":{\"avsResultCode\":\"NOT_SUPPLIED_BY_SHOPPER\",\"cvcResultCode\":\"APPROVED\"}}" 
time="2016-09-24T13:37:00+01:00" level=debug msg="begin hte.ServiceHandlerImpl.ServiceDeliveryBegin()" 
time="2016-09-24T13:37:00+01:00" level=debug msg="ORDER:: &{UUID:17da2816-1ea3-46b7-5b11-de1a7bb5333d Service:{ID:1 Name:Car charger Description:Can charge your hybrid / electric car Prices:map[1:{ID:1 Description:Kilowatt-hour PricePerUnit:0xc820011e60 UnitID:1 UnitDescription:One kilowatt-hour}]} SelectedPriceID:1 ClientID:bbc271d1-ad62-40a4-5b02-6273b82ac353 SelectedNumberOfUnits:5 PSPReference:dd14280d-c30a-4719-af0d-cce6fdd4a5e2 DeliveryToken:{Key:17da2816-1ea3-46b7-5b11-de1a7bb5333d Issued:2016-09-24 13:37:00.667802085 +0100 BST Expiry:2016-10-01 13:37:00.667802175 +0100 BST RefundOnExpiry:false Signature:[]} ConsumedUnits:0}" 
time="2016-09-24T13:37:00+01:00" level=debug msg="REQ SDT Key: 17da2816-1ea3-46b7-5b11-de1a7bb5333d" 
time="2016-09-24T13:37:00+01:00" level=debug msg="end hte.ServiceHandlerImpl.ServiceDeliveryBegin()" 
time="2016-09-24T13:37:01+01:00" level=debug msg=Broadcasting.. 
time="2016-09-24T13:37:01+01:00" level=debug msg="Did open UDP broadcast socket" 
time="2016-09-24T13:37:01+01:00" level=debug msg="Did successfully write broadcast message" 
time="2016-09-24T13:37:06+01:00" level=debug msg=Broadcasting.. 
time="2016-09-24T13:37:06+01:00" level=debug msg="Did open UDP broadcast socket" 
time="2016-09-24T13:37:06+01:00" level=debug msg="Did successfully write broadcast message" 
time="2016-09-24T13:37:10+01:00" level=debug msg="begin hte.ServiceHandlerImpl.ServiceDeliveryEnd()" 
time="2016-09-24T13:37:10+01:00" level=debug msg="end hte.ServiceHandlerImpl.ServiceDeliveryEnd()" 
time="2016-09-24T13:37:11+01:00" level=debug msg=Broadcasting.. 
time="2016-09-24T13:37:11+01:00" level=debug msg="Did open UDP broadcast socket" 
time="2016-09-24T13:37:11+01:00" level=debug msg="Did successfully write broadcast message" 
time="2016-09-24T13:37:16+01:00" level=debug msg=Broadcasting.. 
time="2016-09-24T13:37:16+01:00" level=debug msg="Did open UDP broadcast socket" 
time="2016-09-24T13:37:16+01:00" level=debug msg="Did successfully write broadcast message" 
time="2016-09-24T13:37:21+01:00" level=debug msg=Broadcasting.. 
time="2016-09-24T13:37:21+01:00" level=debug msg="Did open UDP broadcast socket" 
time="2016-09-24T13:37:21+01:00" level=debug msg="Did successfully write broadcast message" 
time="2016-09-24T13:37:26+01:00" level=debug msg=Broadcasting.. 
time="2016-09-24T13:37:26+01:00" level=debug msg="Did open UDP broadcast socket" 
time="2016-09-24T13:37:26+01:00" level=debug msg="Did successfully write broadcast message" 
time="2016-09-24T13:37:31+01:00" level=debug msg=Broadcasting.. 
time="2016-09-24T13:37:31+01:00" level=debug msg="Did open UDP broadcast socket" 
time="2016-09-24T13:37:31+01:00" level=debug msg="Did successfully write broadcast message" 
time="2016-09-24T13:37:36+01:00" level=debug msg=Broadcasting.. 
time="2016-09-24T13:37:36+01:00" level=debug msg="Did open UDP broadcast socket" 
time="2016-09-24T13:37:36+01:00" level=debug msg="Did successfully write broadcast message" 
time="2016-09-24T13:37:41+01:00" level=debug msg=Broadcasting.. 
time="2016-09-24T13:37:41+01:00" level=debug msg="Did open UDP broadcast socket" 
time="2016-09-24T13:37:41+01:00" level=debug msg="Did successfully write broadcast message" 
time="2016-09-24T13:37:46+01:00" level=debug msg=Broadcasting.. 
time="2016-09-24T13:37:46+01:00" level=debug msg="Did open UDP broadcast socket" 
time="2016-09-24T13:37:46+01:00" level=debug msg="Did successfully write broadcast message" 
time="2016-09-24T13:37:51+01:00" level=debug msg=Broadcasting.. 
time="2016-09-24T13:37:51+01:00" level=debug msg="Did open UDP broadcast socket" 
time="2016-09-24T13:37:51+01:00" level=debug msg="Did successfully write broadcast message" 
time="2016-09-24T13:37:56+01:00" level=debug msg=Broadcasting.. 
time="2016-09-24T13:37:56+01:00" level=debug msg="Did open UDP broadcast socket" 
time="2016-09-24T13:37:56+01:00" level=debug msg="Did successfully write broadcast message" 
time="2016-09-24T13:38:01+01:00" level=debug msg=Broadcasting.. 
time="2016-09-24T13:38:01+01:00" level=debug msg="Did open UDP broadcast socket" 
time="2016-09-24T13:38:01+01:00" level=debug msg="Did successfully write broadcast message" 
time="2016-09-24T13:38:06+01:00" level=debug msg=Broadcasting.. 
time="2016-09-24T13:38:06+01:00" level=debug msg="Did open UDP broadcast socket" 
time="2016-09-24T13:38:06+01:00" level=debug msg="Did successfully write broadcast message" 
time="2016-09-24T13:38:11+01:00" level=debug msg=Broadcasting.. 
time="2016-09-24T13:38:11+01:00" level=debug msg="Did open UDP broadcast socket" 
time="2016-09-24T13:38:11+01:00" level=debug msg="Did successfully write broadcast message" 
time="2016-09-24T13:38:16+01:00" level=debug msg=Broadcasting.. 
time="2016-09-24T13:38:16+01:00" level=debug msg="Did open UDP broadcast socket" 
time="2016-09-24T13:38:16+01:00" level=debug msg="Did successfully write broadcast message" 
time="2016-09-24T13:38:21+01:00" level=debug msg=Broadcasting.. 
time="2016-09-24T13:38:21+01:00" level=debug msg="Did open UDP broadcast socket" 
time="2016-09-24T13:38:21+01:00" level=debug msg="Did successfully write broadcast message" 
time="2016-09-24T13:38:26+01:00" level=debug msg=Broadcasting.. 
time="2016-09-24T13:38:26+01:00" level=debug msg="Did open UDP broadcast socket" 
time="2016-09-24T13:38:26+01:00" level=debug msg="Did successfully write broadcast message" 
time="2016-09-24T13:38:31+01:00" level=debug msg=Broadcasting.. 
time="2016-09-24T13:38:31+01:00" level=debug msg="Did open UDP broadcast socket" 
time="2016-09-24T13:38:31+01:00" level=debug msg="Did successfully write broadcast message" 
time="2016-09-24T13:38:36+01:00" level=debug msg=Broadcasting.. 
time="2016-09-24T13:38:36+01:00" level=debug msg="Did open UDP broadcast socket" 
time="2016-09-24T13:38:36+01:00" level=debug msg="Did successfully write broadcast message" 
time="2016-09-24T13:38:41+01:00" level=debug msg=Broadcasting.. 
time="2016-09-24T13:38:41+01:00" level=debug msg="Did open UDP broadcast socket" 
time="2016-09-24T13:38:41+01:00" level=debug msg="Did successfully write broadcast message" 
time="2016-09-24T13:38:46+01:00" level=debug msg=Broadcasting.. 
time="2016-09-24T13:38:46+01:00" level=debug msg="Did open UDP broadcast socket" 
time="2016-09-24T13:38:46+01:00" level=debug msg="Did successfully write broadcast message" 
time="2016-09-24T13:38:51+01:00" level=debug msg=Broadcasting.. 
time="2016-09-24T13:38:51+01:00" level=debug msg="Did open UDP broadcast socket" 
time="2016-09-24T13:38:51+01:00" level=debug msg="Did successfully write broadcast message" 
time="2016-09-24T13:38:56+01:00" level=debug msg=Broadcasting.. 
time="2016-09-24T13:38:56+01:00" level=debug msg="Did open UDP broadcast socket" 
time="2016-09-24T13:38:56+01:00" level=debug msg="Did successfully write broadcast message" 
time="2016-09-24T13:39:01+01:00" level=debug msg=Broadcasting.. 
time="2016-09-24T13:39:01+01:00" level=debug msg="Did open UDP broadcast socket" 
time="2016-09-24T13:39:01+01:00" level=debug msg="Did successfully write broadcast message" 
time="2016-09-24T13:39:06+01:00" level=debug msg=Broadcasting.. 
time="2016-09-24T13:39:06+01:00" level=debug msg="Did open UDP broadcast socket" 
time="2016-09-24T13:39:06+01:00" level=debug msg="Did successfully write broadcast message" 
time="2016-09-24T13:39:11+01:00" level=debug msg=Broadcasting.. 
time="2016-09-24T13:39:11+01:00" level=debug msg="Did open UDP broadcast socket" 
time="2016-09-24T13:39:11+01:00" level=debug msg="Did successfully write broadcast message" 
time="2016-09-24T13:39:16+01:00" level=debug msg=Broadcasting.. 
time="2016-09-24T13:39:16+01:00" level=debug msg="Did open UDP broadcast socket" 
time="2016-09-24T13:39:16+01:00" level=debug msg="Did successfully write broadcast message" 
time="2016-09-24T13:39:21+01:00" level=debug msg=Broadcasting.. 
time="2016-09-24T13:39:21+01:00" level=debug msg="Did open UDP broadcast socket" 
time="2016-09-24T13:39:21+01:00" level=debug msg="Did successfully write broadcast message" 
time="2016-09-24T13:39:26+01:00" level=debug msg=Broadcasting.. 
time="2016-09-24T13:39:26+01:00" level=debug msg="Did open UDP broadcast socket" 
time="2016-09-24T13:39:26+01:00" level=debug msg="Did successfully write broadcast message" 
time="2016-09-24T13:39:31+01:00" level=debug msg=Broadcasting.. 
time="2016-09-24T13:39:31+01:00" level=debug msg="Did open UDP broadcast socket" 
time="2016-09-24T13:39:31+01:00" level=debug msg="Did successfully write broadcast message" 
time="2016-09-24T13:39:36+01:00" level=debug msg=Broadcasting.. 
time="2016-09-24T13:39:36+01:00" level=debug msg="Did open UDP broadcast socket" 
time="2016-09-24T13:39:36+01:00" level=debug msg="Did successfully write broadcast message" 
time="2016-09-24T13:39:41+01:00" level=debug msg=Broadcasting.. 
time="2016-09-24T13:39:41+01:00" level=debug msg="Did open UDP broadcast socket" 
time="2016-09-24T13:39:41+01:00" level=debug msg="Did successfully write broadcast message" 
time="2016-09-24T13:39:46+01:00" level=debug msg=Broadcasting.. 
time="2016-09-24T13:39:46+01:00" level=debug msg="Did open UDP broadcast socket" 
time="2016-09-24T13:39:46+01:00" level=debug msg="Did successfully write broadcast message" 
time="2016-09-24T13:39:51+01:00" level=debug msg=Broadcasting.. 
time="2016-09-24T13:39:51+01:00" level=debug msg="Did open UDP broadcast socket" 
time="2016-09-24T13:39:51+01:00" level=debug msg="Did successfully write broadcast message" 
time="2016-09-24T13:39:56+01:00" level=debug msg=Broadcasting.. 
time="2016-09-24T13:39:56+01:00" level=debug msg="Did open UDP broadcast socket" 
time="2016-09-24T13:39:56+01:00" level=debug msg="Did successfully write broadcast message" 
time="2016-09-24T13:40:01+01:00" level=debug msg=Broadcasting.. 
time="2016-09-24T13:40:01+01:00" level=debug msg="Did open UDP broadcast socket" 
time="2016-09-24T13:40:01+01:00" level=debug msg="Did successfully write broadcast message" 
time="2016-09-24T13:40:06+01:00" level=debug msg=Broadcasting.. 
time="2016-09-24T13:40:06+01:00" level=debug msg="Did open UDP broadcast socket" 
time="2016-09-24T13:40:06+01:00" level=debug msg="Did successfully write broadcast message" 
time="2016-09-24T13:40:11+01:00" level=debug msg=Broadcasting.. 
time="2016-09-24T13:40:11+01:00" level=debug msg="Did open UDP broadcast socket" 
time="2016-09-24T13:40:11+01:00" level=debug msg="Did successfully write broadcast message" 
time="2016-09-24T13:40:16+01:00" level=debug msg=Broadcasting.. 
time="2016-09-24T13:40:16+01:00" level=debug msg="Did open UDP broadcast socket" 
time="2016-09-24T13:40:16+01:00" level=debug msg="Did successfully write broadcast message" 
time="2016-09-24T13:40:21+01:00" level=debug msg=Broadcasting.. 
time="2016-09-24T13:40:21+01:00" level=debug msg="Did open UDP broadcast socket" 
time="2016-09-24T13:40:21+01:00" level=debug msg="Did successfully write broadcast message" 
time="2016-09-24T13:40:26+01:00" level=debug msg=Broadcasting.. 
time="2016-09-24T13:40:26+01:00" level=debug msg="Did open UDP broadcast socket" 
time="2016-09-24T13:40:26+01:00" level=debug msg="Did successfully write broadcast message" 
time="2016-09-24T13:40:31+01:00" level=debug msg=Broadcasting.. 
time="2016-09-24T13:40:31+01:00" level=debug msg="Did open UDP broadcast socket" 
time="2016-09-24T13:40:31+01:00" level=debug msg="Did successfully write broadcast message" 
time="2016-09-24T13:40:36+01:00" level=debug msg=Broadcasting.. 
time="2016-09-24T13:40:36+01:00" level=debug msg="Did open UDP broadcast socket" 
time="2016-09-24T13:40:36+01:00" level=debug msg="Did successfully write broadcast message" 
time="2016-09-24T13:40:41+01:00" level=debug msg=Broadcasting.. 
time="2016-09-24T13:40:41+01:00" level=debug msg="Did open UDP broadcast socket" 
time="2016-09-24T13:40:41+01:00" level=debug msg="Did successfully write broadcast message" 
time="2016-09-24T13:40:46+01:00" level=debug msg=Broadcasting.. 
time="2016-09-24T13:40:46+01:00" level=debug msg="Did open UDP broadcast socket" 
time="2016-09-24T13:40:46+01:00" level=debug msg="Did successfully write broadcast message" 
time="2016-09-24T13:40:51+01:00" level=debug msg=Broadcasting.. 
time="2016-09-24T13:40:51+01:00" level=debug msg="Did open UDP broadcast socket" 
time="2016-09-24T13:40:51+01:00" level=debug msg="Did successfully write broadcast message" 
time="2016-09-24T13:40:56+01:00" level=debug msg=Broadcasting.. 
time="2016-09-24T13:40:56+01:00" level=debug msg="Did open UDP broadcast socket" 
time="2016-09-24T13:40:56+01:00" level=debug msg="Did successfully write broadcast message" 
time="2016-09-24T13:41:01+01:00" level=debug msg=Broadcasting.. 
time="2016-09-24T13:41:01+01:00" level=debug msg="Did open UDP broadcast socket" 
time="2016-09-24T13:41:01+01:00" level=debug msg="Did successfully write broadcast message" 
time="2016-09-24T13:41:06+01:00" level=debug msg=Broadcasting.. 
time="2016-09-24T13:41:06+01:00" level=debug msg="Did open UDP broadcast socket" 
time="2016-09-24T13:41:06+01:00" level=debug msg="Did successfully write broadcast message" 
time="2016-09-24T13:41:11+01:00" level=debug msg=Broadcasting.. 
time="2016-09-24T13:41:11+01:00" level=debug msg="Did open UDP broadcast socket" 
time="2016-09-24T13:41:11+01:00" level=debug msg="Did successfully write broadcast message" 
time="2016-09-24T13:41:16+01:00" level=debug msg=Broadcasting.. 
time="2016-09-24T13:41:16+01:00" level=debug msg="Did open UDP broadcast socket" 
time="2016-09-24T13:41:16+01:00" level=debug msg="Did successfully write broadcast message" 
time="2016-09-24T13:41:21+01:00" level=debug msg=Broadcasting.. 
time="2016-09-24T13:41:21+01:00" level=debug msg="Did open UDP broadcast socket" 
time="2016-09-24T13:41:21+01:00" level=debug msg="Did successfully write broadcast message" 
time="2016-09-24T13:41:26+01:00" level=debug msg=Broadcasting.. 
time="2016-09-24T13:41:26+01:00" level=debug msg="Did open UDP broadcast socket" 
time="2016-09-24T13:41:26+01:00" level=debug msg="Did successfully write broadcast message" 
time="2016-09-24T13:41:31+01:00" level=debug msg=Broadcasting.. 
time="2016-09-24T13:41:31+01:00" level=debug msg="Did open UDP broadcast socket" 
time="2016-09-24T13:41:31+01:00" level=debug msg="Did successfully write broadcast message" 
time="2016-09-24T13:41:36+01:00" level=debug msg=Broadcasting.. 
time="2016-09-24T13:41:36+01:00" level=debug msg="Did open UDP broadcast socket" 
time="2016-09-24T13:41:36+01:00" level=debug msg="Did successfully write broadcast message" 
time="2016-09-24T13:41:41+01:00" level=debug msg=Broadcasting.. 
time="2016-09-24T13:41:41+01:00" level=debug msg="Did open UDP broadcast socket" 
time="2016-09-24T13:41:41+01:00" level=debug msg="Did successfully write broadcast message" 
time="2016-09-24T13:41:46+01:00" level=debug msg=Broadcasting.. 
time="2016-09-24T13:41:46+01:00" level=debug msg="Did open UDP broadcast socket" 
time="2016-09-24T13:41:46+01:00" level=debug msg="Did successfully write broadcast message" 
time="2016-09-24T13:41:51+01:00" level=debug msg=Broadcasting.. 
time="2016-09-24T13:41:51+01:00" level=debug msg="Did open UDP broadcast socket" 
time="2016-09-24T13:41:51+01:00" level=debug msg="Did successfully write broadcast message" 
time="2016-09-24T13:41:56+01:00" level=debug msg=Broadcasting.. 
time="2016-09-24T13:41:56+01:00" level=debug msg="Did open UDP broadcast socket" 
time="2016-09-24T13:41:56+01:00" level=debug msg="Did successfully write broadcast message" 
time="2016-09-24T13:42:01+01:00" level=debug msg=Broadcasting.. 
time="2016-09-24T13:42:01+01:00" level=debug msg="Did open UDP broadcast socket" 
time="2016-09-24T13:42:01+01:00" level=debug msg="Did successfully write broadcast message" 
time="2016-09-24T13:42:06+01:00" level=debug msg=Broadcasting.. 
time="2016-09-24T13:42:06+01:00" level=debug msg="Did open UDP broadcast socket" 
time="2016-09-24T13:42:06+01:00" level=debug msg="Did successfully write broadcast message" 
time="2016-09-24T13:42:11+01:00" level=debug msg=Broadcasting.. 
time="2016-09-24T13:42:11+01:00" level=debug msg="Did open UDP broadcast socket" 
time="2016-09-24T13:42:11+01:00" level=debug msg="Did successfully write broadcast message" 
time="2016-09-24T13:42:16+01:00" level=debug msg=Broadcasting.. 
time="2016-09-24T13:42:16+01:00" level=debug msg="Did open UDP broadcast socket" 
time="2016-09-24T13:42:16+01:00" level=debug msg="Did successfully write broadcast message" 
time="2016-09-24T13:42:21+01:00" level=debug msg=Broadcasting.. 
time="2016-09-24T13:42:21+01:00" level=debug msg="Did open UDP broadcast socket" 
time="2016-09-24T13:42:21+01:00" level=debug msg="Did successfully write broadcast message" 
time="2016-09-24T13:42:26+01:00" level=debug msg=Broadcasting.. 
time="2016-09-24T13:42:26+01:00" level=debug msg="Did open UDP broadcast socket" 
time="2016-09-24T13:42:26+01:00" level=debug msg="Did successfully write broadcast message" 
time="2016-09-24T13:42:31+01:00" level=debug msg=Broadcasting.. 
time="2016-09-24T13:42:31+01:00" level=debug msg="Did open UDP broadcast socket" 
time="2016-09-24T13:42:31+01:00" level=debug msg="Did successfully write broadcast message" 
time="2016-09-24T13:42:36+01:00" level=debug msg=Broadcasting.. 
time="2016-09-24T13:42:36+01:00" level=debug msg="Did open UDP broadcast socket" 
time="2016-09-24T13:42:36+01:00" level=debug msg="Did successfully write broadcast message" 
time="2016-09-24T13:42:41+01:00" level=debug msg=Broadcasting.. 
time="2016-09-24T13:42:41+01:00" level=debug msg="Did open UDP broadcast socket" 
time="2016-09-24T13:42:41+01:00" level=debug msg="Did successfully write broadcast message" 
time="2016-09-24T13:42:46+01:00" level=debug msg=Broadcasting.. 
time="2016-09-24T13:42:46+01:00" level=debug msg="Did open UDP broadcast socket" 
time="2016-09-24T13:42:46+01:00" level=debug msg="Did successfully write broadcast message" 
time="2016-09-24T13:42:51+01:00" level=debug msg=Broadcasting.. 
time="2016-09-24T13:42:51+01:00" level=debug msg="Did open UDP broadcast socket" 
time="2016-09-24T13:42:51+01:00" level=debug msg="Did successfully write broadcast message" 
time="2016-09-24T13:42:56+01:00" level=debug msg=Broadcasting.. 
time="2016-09-24T13:42:56+01:00" level=debug msg="Did open UDP broadcast socket" 
time="2016-09-24T13:42:56+01:00" level=debug msg="Did successfully write broadcast message" 
time="2016-09-24T13:43:01+01:00" level=debug msg=Broadcasting.. 
time="2016-09-24T13:43:01+01:00" level=debug msg="Did open UDP broadcast socket" 
time="2016-09-24T13:43:01+01:00" level=debug msg="Did successfully write broadcast message" 
time="2016-09-24T13:43:06+01:00" level=debug msg=Broadcasting.. 
time="2016-09-24T13:43:06+01:00" level=debug msg="Did open UDP broadcast socket" 
time="2016-09-24T13:43:06+01:00" level=debug msg="Did successfully write broadcast message" 
time="2016-09-24T13:43:11+01:00" level=debug msg=Broadcasting.. 
time="2016-09-24T13:43:11+01:00" level=debug msg="Did open UDP broadcast socket" 
time="2016-09-24T13:43:11+01:00" level=debug msg="Did successfully write broadcast message" 
time="2016-09-24T13:43:16+01:00" level=debug msg=Broadcasting.. 
time="2016-09-24T13:43:16+01:00" level=debug msg="Did open UDP broadcast socket" 
time="2016-09-24T13:43:16+01:00" level=debug msg="Did successfully write broadcast message" 
time="2016-09-24T13:43:21+01:00" level=debug msg=Broadcasting.. 
time="2016-09-24T13:43:21+01:00" level=debug msg="Did open UDP broadcast socket" 
time="2016-09-24T13:43:21+01:00" level=debug msg="Did successfully write broadcast message" 
time="2016-09-24T13:43:26+01:00" level=debug msg=Broadcasting.. 
time="2016-09-24T13:43:26+01:00" level=debug msg="Did open UDP broadcast socket" 
time="2016-09-24T13:43:26+01:00" level=debug msg="Did successfully write broadcast message" 
time="2016-09-24T13:43:31+01:00" level=debug msg=Broadcasting.. 
time="2016-09-24T13:43:31+01:00" level=debug msg="Did open UDP broadcast socket" 
time="2016-09-24T13:43:31+01:00" level=debug msg="Did successfully write broadcast message" 
time="2016-09-24T13:43:36+01:00" level=debug msg=Broadcasting.. 
time="2016-09-24T13:43:36+01:00" level=debug msg="Did open UDP broadcast socket" 
time="2016-09-24T13:43:36+01:00" level=debug msg="Did successfully write broadcast message" 
time="2016-09-24T13:43:41+01:00" level=debug msg=Broadcasting.. 
time="2016-09-24T13:43:41+01:00" level=debug msg="Did open UDP broadcast socket" 
time="2016-09-24T13:43:41+01:00" level=debug msg="Did successfully write broadcast message" 
time="2016-09-24T13:43:46+01:00" level=debug msg=Broadcasting.. 
time="2016-09-24T13:43:46+01:00" level=debug msg="Did open UDP broadcast socket" 
time="2016-09-24T13:43:46+01:00" level=debug msg="Did successfully write broadcast message" 
time="2016-09-24T13:43:51+01:00" level=debug msg=Broadcasting.. 
time="2016-09-24T13:43:51+01:00" level=debug msg="Did open UDP broadcast socket" 
time="2016-09-24T13:43:51+01:00" level=debug msg="Did successfully write broadcast message" 
time="2016-09-24T13:43:56+01:00" level=debug msg=Broadcasting.. 
time="2016-09-24T13:43:56+01:00" level=debug msg="Did open UDP broadcast socket" 
time="2016-09-24T13:43:56+01:00" level=debug msg="Did successfully write broadcast message" 
time="2016-09-24T13:44:01+01:00" level=debug msg=Broadcasting.. 
time="2016-09-24T13:44:02+01:00" level=debug msg="Did open UDP broadcast socket" 
time="2016-09-24T13:44:02+01:00" level=debug msg="Did successfully write broadcast message" 
time="2016-09-24T13:44:07+01:00" level=debug msg=Broadcasting.. 
time="2016-09-24T13:44:07+01:00" level=debug msg="Did open UDP broadcast socket" 
time="2016-09-24T13:44:07+01:00" level=debug msg="Did successfully write broadcast message" 
time="2016-09-24T13:44:12+01:00" level=debug msg=Broadcasting.. 
time="2016-09-24T13:44:12+01:00" level=debug msg="Did open UDP broadcast socket" 
time="2016-09-24T13:44:12+01:00" level=debug msg="Did successfully write broadcast message" 
time="2016-09-24T13:44:17+01:00" level=debug msg=Broadcasting.. 
time="2016-09-24T13:44:17+01:00" level=debug msg="Did open UDP broadcast socket" 
time="2016-09-24T13:44:17+01:00" level=debug msg="Did successfully write broadcast message" 
time="2016-09-24T13:44:22+01:00" level=debug msg=Broadcasting.. 
time="2016-09-24T13:44:22+01:00" level=debug msg="Did open UDP broadcast socket" 
time="2016-09-24T13:44:22+01:00" level=debug msg="Did successfully write broadcast message" 
time="2016-09-24T13:44:27+01:00" level=debug msg=Broadcasting.. 
time="2016-09-24T13:44:27+01:00" level=debug msg="Did open UDP broadcast socket" 
time="2016-09-24T13:44:27+01:00" level=debug msg="Did successfully write broadcast message" 
time="2016-09-24T13:44:32+01:00" level=debug msg=Broadcasting.. 
time="2016-09-24T13:44:32+01:00" level=debug msg="Did open UDP broadcast socket" 
time="2016-09-24T13:44:32+01:00" level=debug msg="Did successfully write broadcast message" 
time="2016-09-24T13:44:37+01:00" level=debug msg=Broadcasting.. 
time="2016-09-24T13:44:37+01:00" level=debug msg="Did open UDP broadcast socket" 
time="2016-09-24T13:44:37+01:00" level=debug msg="Did successfully write broadcast message" 
time="2016-09-24T13:44:42+01:00" level=debug msg=Broadcasting.. 
time="2016-09-24T13:44:42+01:00" level=debug msg="Did open UDP broadcast socket" 
time="2016-09-24T13:44:42+01:00" level=debug msg="Did successfully write broadcast message" 
time="2016-09-24T13:44:47+01:00" level=debug msg=Broadcasting.. 
time="2016-09-24T13:44:47+01:00" level=debug msg="Did open UDP broadcast socket" 
time="2016-09-24T13:44:47+01:00" level=debug msg="Did successfully write broadcast message" 
time="2016-09-24T13:44:52+01:00" level=debug msg=Broadcasting.. 
time="2016-09-24T13:44:52+01:00" level=debug msg="Did open UDP broadcast socket" 
time="2016-09-24T13:44:52+01:00" level=debug msg="Did successfully write broadcast message" 
time="2016-09-24T13:44:57+01:00" level=debug msg=Broadcasting.. 
time="2016-09-24T13:44:57+01:00" level=debug msg="Did open UDP broadcast socket" 
time="2016-09-24T13:44:57+01:00" level=debug msg="Did successfully write broadcast message" 
time="2016-09-24T13:45:02+01:00" level=debug msg=Broadcasting.. 
time="2016-09-24T13:45:02+01:00" level=debug msg="Did open UDP broadcast socket" 
time="2016-09-24T13:45:02+01:00" level=debug msg="Did successfully write broadcast message" 
time="2016-09-24T13:45:07+01:00" level=debug msg=Broadcasting.. 
time="2016-09-24T13:45:07+01:00" level=debug msg="Did open UDP broadcast socket" 
time="2016-09-24T13:45:07+01:00" level=debug msg="Did successfully write broadcast message" 
time="2016-09-24T13:45:12+01:00" level=debug msg=Broadcasting.. 
time="2016-09-24T13:45:12+01:00" level=debug msg="Did open UDP broadcast socket" 
time="2016-09-24T13:45:12+01:00" level=debug msg="Did successfully write broadcast message" 
time="2016-09-24T13:45:17+01:00" level=debug msg=Broadcasting.. 
time="2016-09-24T13:45:17+01:00" level=debug msg="Did open UDP broadcast socket" 
time="2016-09-24T13:45:17+01:00" level=debug msg="Did successfully write broadcast message" 
time="2016-09-24T13:45:22+01:00" level=debug msg=Broadcasting.. 
time="2016-09-24T13:45:22+01:00" level=debug msg="Did open UDP broadcast socket" 
time="2016-09-24T13:45:22+01:00" level=debug msg="Did successfully write broadcast message" 
time="2016-09-24T13:45:27+01:00" level=debug msg=Broadcasting.. 
time="2016-09-24T13:45:27+01:00" level=debug msg="Did open UDP broadcast socket" 
time="2016-09-24T13:45:27+01:00" level=debug msg="Did successfully write broadcast message" 
time="2016-09-24T13:45:32+01:00" level=debug msg=Broadcasting.. 
time="2016-09-24T13:45:32+01:00" level=debug msg="Did open UDP broadcast socket" 
time="2016-09-24T13:45:32+01:00" level=debug msg="Did successfully write broadcast message" 
time="2016-09-24T13:45:37+01:00" level=debug msg=Broadcasting.. 
time="2016-09-24T13:45:37+01:00" level=debug msg="Did open UDP broadcast socket" 
time="2016-09-24T13:45:37+01:00" level=debug msg="Did successfully write broadcast message" 
time="2016-09-24T13:45:42+01:00" level=debug msg=Broadcasting.. 
time="2016-09-24T13:45:42+01:00" level=debug msg="Did open UDP broadcast socket" 
time="2016-09-24T13:45:42+01:00" level=debug msg="Did successfully write broadcast message" 
time="2016-09-24T13:45:47+01:00" level=debug msg=Broadcasting.. 
time="2016-09-24T13:45:47+01:00" level=debug msg="Did open UDP broadcast socket" 
time="2016-09-24T13:45:47+01:00" level=debug msg="Did successfully write broadcast message" 
time="2016-09-24T13:45:52+01:00" level=debug msg=Broadcasting.. 
time="2016-09-24T13:45:52+01:00" level=debug msg="Did open UDP broadcast socket" 
time="2016-09-24T13:45:52+01:00" level=debug msg="Did successfully write broadcast message" 
time="2016-09-24T13:45:57+01:00" level=debug msg=Broadcasting.. 
time="2016-09-24T13:45:57+01:00" level=debug msg="Did open UDP broadcast socket" 
time="2016-09-24T13:45:57+01:00" level=debug msg="Did successfully write broadcast message" 
time="2016-09-24T13:46:02+01:00" level=debug msg=Broadcasting.. 
time="2016-09-24T13:46:02+01:00" level=debug msg="Did open UDP broadcast socket" 
time="2016-09-24T13:46:02+01:00" level=debug msg="Did successfully write broadcast message" 
time="2016-09-24T13:46:07+01:00" level=debug msg=Broadcasting.. 
time="2016-09-24T13:46:07+01:00" level=debug msg="Did open UDP broadcast socket" 
time="2016-09-24T13:46:07+01:00" level=debug msg="Did successfully write broadcast message" 
time="2016-09-24T13:46:12+01:00" level=debug msg=Broadcasting.. 
time="2016-09-24T13:46:12+01:00" level=debug msg="Did open UDP broadcast socket" 
time="2016-09-24T13:46:12+01:00" level=debug msg="Did successfully write broadcast message" 
time="2016-09-24T13:46:17+01:00" level=debug msg=Broadcasting.. 
time="2016-09-24T13:46:17+01:00" level=debug msg="Did open UDP broadcast socket" 
time="2016-09-24T13:46:17+01:00" level=debug msg="Did successfully write broadcast message" 
time="2016-09-24T13:46:22+01:00" level=debug msg=Broadcasting.. 
time="2016-09-24T13:46:22+01:00" level=debug msg="Did open UDP broadcast socket" 
time="2016-09-24T13:46:22+01:00" level=debug msg="Did successfully write broadcast message" 
time="2016-09-24T13:46:27+01:00" level=debug msg=Broadcasting.. 
time="2016-09-24T13:46:27+01:00" level=debug msg="Did open UDP broadcast socket" 
time="2016-09-24T13:46:27+01:00" level=debug msg="Did successfully write broadcast message" 
time="2016-09-24T13:46:32+01:00" level=debug msg=Broadcasting.. 
time="2016-09-24T13:46:32+01:00" level=debug msg="Did open UDP broadcast socket" 
time="2016-09-24T13:46:32+01:00" level=debug msg="Did successfully write broadcast message" 
time="2016-09-24T13:46:37+01:00" level=debug msg=Broadcasting.. 
time="2016-09-24T13:46:37+01:00" level=debug msg="Did open UDP broadcast socket" 
time="2016-09-24T13:46:37+01:00" level=debug msg="Did successfully write broadcast message" 
time="2016-09-24T13:46:42+01:00" level=debug msg=Broadcasting.. 
time="2016-09-24T13:46:42+01:00" level=debug msg="Did open UDP broadcast socket" 
time="2016-09-24T13:46:42+01:00" level=debug msg="Did successfully write broadcast message" 
time="2016-09-24T13:46:47+01:00" level=debug msg=Broadcasting.. 
time="2016-09-24T13:46:47+01:00" level=debug msg="Did open UDP broadcast socket" 
time="2016-09-24T13:46:47+01:00" level=debug msg="Did successfully write broadcast message" 
time="2016-09-24T13:46:52+01:00" level=debug msg=Broadcasting.. 
time="2016-09-24T13:46:52+01:00" level=debug msg="Did open UDP broadcast socket" 
time="2016-09-24T13:46:52+01:00" level=debug msg="Did successfully write broadcast message" 
time="2016-09-24T13:46:57+01:00" level=debug msg=Broadcasting.. 
time="2016-09-24T13:46:57+01:00" level=debug msg="Did open UDP broadcast socket" 
time="2016-09-24T13:46:57+01:00" level=debug msg="Did successfully write broadcast message" 
time="2016-09-24T13:47:02+01:00" level=debug msg=Broadcasting.. 
time="2016-09-24T13:47:02+01:00" level=debug msg="Did open UDP broadcast socket" 
time="2016-09-24T13:47:02+01:00" level=debug msg="Did successfully write broadcast message" 
time="2016-09-24T13:47:07+01:00" level=debug msg=Broadcasting.. 
time="2016-09-24T13:47:07+01:00" level=debug msg="Did open UDP broadcast socket" 
time="2016-09-24T13:47:07+01:00" level=debug msg="Did successfully write broadcast message" 
time="2016-09-24T13:47:12+01:00" level=debug msg=Broadcasting.. 
time="2016-09-24T13:47:12+01:00" level=debug msg="Did open UDP broadcast socket" 
time="2016-09-24T13:47:12+01:00" level=debug msg="Did successfully write broadcast message" 
time="2016-09-24T13:47:17+01:00" level=debug msg=Broadcasting.. 
time="2016-09-24T13:47:17+01:00" level=debug msg="Did open UDP broadcast socket" 
time="2016-09-24T13:47:17+01:00" level=debug msg="Did successfully write broadcast message" 
time="2016-09-24T13:47:22+01:00" level=debug msg=Broadcasting.. 
time="2016-09-24T13:47:22+01:00" level=debug msg="Did open UDP broadcast socket" 
time="2016-09-24T13:47:22+01:00" level=debug msg="Did successfully write broadcast message" 
time="2016-09-24T13:47:27+01:00" level=debug msg=Broadcasting.. 
time="2016-09-24T13:47:27+01:00" level=debug msg="Did open UDP broadcast socket" 
time="2016-09-24T13:47:27+01:00" level=debug msg="Did successfully write broadcast message" 
time="2016-09-24T13:47:32+01:00" level=debug msg=Broadcasting.. 
time="2016-09-24T13:47:32+01:00" level=debug msg="Did open UDP broadcast socket" 
time="2016-09-24T13:47:32+01:00" level=debug msg="Did successfully write broadcast message" 
time="2016-09-24T13:47:37+01:00" level=debug msg=Broadcasting.. 
time="2016-09-24T13:47:37+01:00" level=debug msg="Did open UDP broadcast socket" 
time="2016-09-24T13:47:37+01:00" level=debug msg="Did successfully write broadcast message" 
time="2016-09-24T13:47:42+01:00" level=debug msg=Broadcasting.. 
time="2016-09-24T13:47:42+01:00" level=debug msg="Did open UDP broadcast socket" 
time="2016-09-24T13:47:42+01:00" level=debug msg="Did successfully write broadcast message" 
time="2016-09-24T13:47:47+01:00" level=debug msg=Broadcasting.. 
time="2016-09-24T13:47:47+01:00" level=debug msg="Did open UDP broadcast socket" 
time="2016-09-24T13:47:47+01:00" level=debug msg="Did successfully write broadcast message" 
time="2016-09-24T13:47:52+01:00" level=debug msg=Broadcasting.. 
time="2016-09-24T13:47:52+01:00" level=debug msg="Did open UDP broadcast socket" 
time="2016-09-24T13:47:52+01:00" level=debug msg="Did successfully write broadcast message" 
time="2016-09-24T13:47:57+01:00" level=debug msg=Broadcasting.. 
time="2016-09-24T13:47:57+01:00" level=debug msg="Did open UDP broadcast socket" 
time="2016-09-24T13:47:57+01:00" level=debug msg="Did successfully write broadcast message" 
time="2016-09-24T13:48:02+01:00" level=debug msg=Broadcasting.. 
time="2016-09-24T13:48:02+01:00" level=debug msg="Did open UDP broadcast socket" 
time="2016-09-24T13:48:02+01:00" level=debug msg="Did successfully write broadcast message" 
time="2016-09-24T13:48:07+01:00" level=debug msg=Broadcasting.. 
time="2016-09-24T13:48:07+01:00" level=debug msg="Did open UDP broadcast socket" 
time="2016-09-24T13:48:07+01:00" level=debug msg="Did successfully write broadcast message" 
time="2016-09-24T13:48:12+01:00" level=debug msg=Broadcasting.. 
time="2016-09-24T13:48:12+01:00" level=debug msg="Did open UDP broadcast socket" 
time="2016-09-24T13:48:12+01:00" level=debug msg="Did successfully write broadcast message" 
time="2016-09-24T13:48:17+01:00" level=debug msg=Broadcasting.. 
time="2016-09-24T13:48:17+01:00" level=debug msg="Did open UDP broadcast socket" 
time="2016-09-24T13:48:17+01:00" level=debug msg="Did successfully write broadcast message" 
time="2016-09-24T13:48:22+01:00" level=debug msg=Broadcasting.. 
time="2016-09-24T13:48:22+01:00" level=debug msg="Did open UDP broadcast socket" 
time="2016-09-24T13:48:22+01:00" level=debug msg="Did successfully write broadcast message" 
time="2016-09-24T13:48:27+01:00" level=debug msg=Broadcasting.. 
time="2016-09-24T13:48:27+01:00" level=debug msg="Did open UDP broadcast socket" 
time="2016-09-24T13:48:27+01:00" level=debug msg="Did successfully write broadcast message" 
time="2016-09-24T13:48:32+01:00" level=debug msg=Broadcasting.. 
time="2016-09-24T13:48:32+01:00" level=debug msg="Did open UDP broadcast socket" 
time="2016-09-24T13:48:32+01:00" level=debug msg="Did successfully write broadcast message" 
time="2016-09-24T13:48:37+01:00" level=debug msg=Broadcasting.. 
time="2016-09-24T13:48:37+01:00" level=debug msg="Did open UDP broadcast socket" 
time="2016-09-24T13:48:37+01:00" level=debug msg="Did successfully write broadcast message" 
time="2016-09-24T13:48:42+01:00" level=debug msg=Broadcasting.. 
time="2016-09-24T13:48:42+01:00" level=debug msg="Did open UDP broadcast socket" 
time="2016-09-24T13:48:42+01:00" level=debug msg="Did successfully write broadcast message" 
time="2016-09-24T13:48:47+01:00" level=debug msg=Broadcasting.. 
time="2016-09-24T13:48:47+01:00" level=debug msg="Did open UDP broadcast socket" 
time="2016-09-24T13:48:47+01:00" level=debug msg="Did successfully write broadcast message" 
time="2016-09-24T13:48:52+01:00" level=debug msg=Broadcasting.. 
time="2016-09-24T13:48:52+01:00" level=debug msg="Did open UDP broadcast socket" 
time="2016-09-24T13:48:52+01:00" level=debug msg="Did successfully write broadcast message" 
time="2016-09-24T13:48:57+01:00" level=debug msg=Broadcasting.. 
time="2016-09-24T13:48:57+01:00" level=debug msg="Did open UDP broadcast socket" 
time="2016-09-24T13:48:57+01:00" level=debug msg="Did successfully write broadcast message" 
time="2016-09-24T13:49:02+01:00" level=debug msg=Broadcasting.. 
time="2016-09-24T13:49:02+01:00" level=debug msg="Did open UDP broadcast socket" 
time="2016-09-24T13:49:02+01:00" level=debug msg="Did successfully write broadcast message" 
time="2016-09-24T13:49:07+01:00" level=debug msg=Broadcasting.. 
time="2016-09-24T13:49:07+01:00" level=debug msg="Did open UDP broadcast socket" 
time="2016-09-24T13:49:07+01:00" level=debug msg="Did successfully write broadcast message" 
time="2016-09-24T13:49:12+01:00" level=debug msg=Broadcasting.. 
time="2016-09-24T13:49:12+01:00" level=debug msg="Did open UDP broadcast socket" 
time="2016-09-24T13:49:12+01:00" level=debug msg="Did successfully write broadcast message" 
time="2016-09-24T13:49:17+01:00" level=debug msg=Broadcasting.. 
time="2016-09-24T13:49:17+01:00" level=debug msg="Did open UDP broadcast socket" 
time="2016-09-24T13:49:17+01:00" level=debug msg="Did successfully write broadcast message" 
time="2016-09-24T13:49:22+01:00" level=debug msg=Broadcasting.. 
time="2016-09-24T13:49:22+01:00" level=debug msg="Did open UDP broadcast socket" 
time="2016-09-24T13:49:22+01:00" level=debug msg="Did successfully write broadcast message" 
time="2016-09-24T13:49:27+01:00" level=debug msg=Broadcasting.. 
time="2016-09-24T13:49:27+01:00" level=debug msg="Did open UDP broadcast socket" 
time="2016-09-24T13:49:27+01:00" level=debug msg="Did successfully write broadcast message" 
time="2016-09-24T13:49:32+01:00" level=debug msg=Broadcasting.. 
time="2016-09-24T13:49:32+01:00" level=debug msg="Did open UDP broadcast socket" 
time="2016-09-24T13:49:32+01:00" level=debug msg="Did successfully write broadcast message" 
time="2016-09-24T13:49:37+01:00" level=debug msg=Broadcasting.. 
time="2016-09-24T13:49:37+01:00" level=debug msg="Did open UDP broadcast socket" 
time="2016-09-24T13:49:37+01:00" level=debug msg="Did successfully write broadcast message" 
time="2016-09-24T13:49:42+01:00" level=debug msg=Broadcasting.. 
time="2016-09-24T13:49:42+01:00" level=debug msg="Did open UDP broadcast socket" 
time="2016-09-24T13:49:42+01:00" level=debug msg="Did successfully write broadcast message" 
time="2016-09-24T13:49:47+01:00" level=debug msg=Broadcasting.. 
time="2016-09-24T13:49:47+01:00" level=debug msg="Did open UDP broadcast socket" 
time="2016-09-24T13:49:47+01:00" level=debug msg="Did successfully write broadcast message" 
time="2016-09-24T13:49:52+01:00" level=debug msg=Broadcasting.. 
time="2016-09-24T13:49:52+01:00" level=debug msg="Did open UDP broadcast socket" 
time="2016-09-24T13:49:52+01:00" level=debug msg="Did successfully write broadcast message" 
time="2016-09-24T13:49:57+01:00" level=debug msg=Broadcasting.. 
time="2016-09-24T13:49:57+01:00" level=debug msg="Did open UDP broadcast socket" 
time="2016-09-24T13:49:57+01:00" level=debug msg="Did successfully write broadcast message" 
time="2016-09-24T13:50:02+01:00" level=debug msg=Broadcasting.. 
time="2016-09-24T13:50:02+01:00" level=debug msg="Did open UDP broadcast socket" 
time="2016-09-24T13:50:02+01:00" level=debug msg="Did successfully write broadcast message" 
time="2016-09-24T13:50:07+01:00" level=debug msg=Broadcasting.. 
time="2016-09-24T13:50:07+01:00" level=debug msg="Did open UDP broadcast socket" 
time="2016-09-24T13:50:07+01:00" level=debug msg="Did successfully write broadcast message" 
time="2016-09-24T13:50:12+01:00" level=debug msg=Broadcasting.. 
time="2016-09-24T13:50:12+01:00" level=debug msg="Did open UDP broadcast socket" 
time="2016-09-24T13:50:12+01:00" level=debug msg="Did successfully write broadcast message" 
time="2016-09-24T13:50:17+01:00" level=debug msg=Broadcasting.. 
time="2016-09-24T13:50:17+01:00" level=debug msg="Did open UDP broadcast socket" 
time="2016-09-24T13:50:17+01:00" level=debug msg="Did successfully write broadcast message" 
time="2016-09-24T13:50:22+01:00" level=debug msg=Broadcasting.. 
time="2016-09-24T13:50:22+01:00" level=debug msg="Did open UDP broadcast socket" 
time="2016-09-24T13:50:22+01:00" level=debug msg="Did successfully write broadcast message" 
time="2016-09-24T13:50:27+01:00" level=debug msg=Broadcasting.. 
time="2016-09-24T13:50:27+01:00" level=debug msg="Did open UDP broadcast socket" 
time="2016-09-24T13:50:27+01:00" level=debug msg="Did successfully write broadcast message" 
time="2016-09-24T13:50:32+01:00" level=debug msg=Broadcasting.. 
time="2016-09-24T13:50:32+01:00" level=debug msg="Did open UDP broadcast socket" 
time="2016-09-24T13:50:32+01:00" level=debug msg="Did successfully write broadcast message" 
time="2016-09-24T13:50:37+01:00" level=debug msg=Broadcasting.. 
time="2016-09-24T13:50:37+01:00" level=debug msg="Did open UDP broadcast socket" 
time="2016-09-24T13:50:37+01:00" level=debug msg="Did successfully write broadcast message" 
time="2016-09-24T13:50:42+01:00" level=debug msg=Broadcasting.. 
time="2016-09-24T13:50:42+01:00" level=debug msg="Did open UDP broadcast socket" 
time="2016-09-24T13:50:42+01:00" level=debug msg="Did successfully write broadcast message" 
time="2016-09-24T13:50:47+01:00" level=debug msg=Broadcasting.. 
time="2016-09-24T13:50:47+01:00" level=debug msg="Did open UDP broadcast socket" 
time="2016-09-24T13:50:47+01:00" level=debug msg="Did successfully write broadcast message" 
time="2016-09-24T13:50:52+01:00" level=debug msg=Broadcasting.. 
time="2016-09-24T13:50:52+01:00" level=debug msg="Did open UDP broadcast socket" 
time="2016-09-24T13:50:52+01:00" level=debug msg="Did successfully write broadcast message" 
time="2016-09-24T13:50:57+01:00" level=debug msg=Broadcasting.. 
time="2016-09-24T13:50:57+01:00" level=debug msg="Did open UDP broadcast socket" 
time="2016-09-24T13:50:57+01:00" level=debug msg="Did successfully write broadcast message" 
time="2016-09-24T13:51:02+01:00" level=debug msg=Broadcasting.. 
time="2016-09-24T13:51:02+01:00" level=debug msg="Did open UDP broadcast socket" 
time="2016-09-24T13:51:02+01:00" level=debug msg="Did successfully write broadcast message" 
time="2016-09-24T13:51:07+01:00" level=debug msg=Broadcasting.. 
time="2016-09-24T13:51:07+01:00" level=debug msg="Did open UDP broadcast socket" 
time="2016-09-24T13:51:07+01:00" level=debug msg="Did successfully write broadcast message" 
time="2016-09-24T13:51:12+01:00" level=debug msg=Broadcasting.. 
time="2016-09-24T13:51:12+01:00" level=debug msg="Did open UDP broadcast socket" 
time="2016-09-24T13:51:12+01:00" level=debug msg="Did successfully write broadcast message" 
time="2016-09-24T13:51:17+01:00" level=debug msg=Broadcasting.. 
time="2016-09-24T13:51:17+01:00" level=debug msg="Did open UDP broadcast socket" 
time="2016-09-24T13:51:17+01:00" level=debug msg="Did successfully write broadcast message" 
time="2016-09-24T13:51:22+01:00" level=debug msg=Broadcasting.. 
time="2016-09-24T13:51:22+01:00" level=debug msg="Did open UDP broadcast socket" 
time="2016-09-24T13:51:22+01:00" level=debug msg="Did successfully write broadcast message" 
time="2016-09-24T13:51:27+01:00" level=debug msg=Broadcasting.. 
time="2016-09-24T13:51:27+01:00" level=debug msg="Did open UDP broadcast socket" 
time="2016-09-24T13:51:27+01:00" level=debug msg="Did successfully write broadcast message" 
time="2016-09-24T13:51:32+01:00" level=debug msg=Broadcasting.. 
time="2016-09-24T13:51:32+01:00" level=debug msg="Did open UDP broadcast socket" 
time="2016-09-24T13:51:32+01:00" level=debug msg="Did successfully write broadcast message" 
time="2016-09-24T13:51:37+01:00" level=debug msg=Broadcasting.. 
time="2016-09-24T13:51:37+01:00" level=debug msg="Did open UDP broadcast socket" 
time="2016-09-24T13:51:37+01:00" level=debug msg="Did successfully write broadcast message" 
time="2016-09-24T13:51:42+01:00" level=debug msg=Broadcasting.. 
time="2016-09-24T13:51:42+01:00" level=debug msg="Did open UDP broadcast socket" 
time="2016-09-24T13:51:42+01:00" level=debug msg="Did successfully write broadcast message" 
time="2016-09-24T13:51:47+01:00" level=debug msg=Broadcasting.. 
time="2016-09-24T13:51:47+01:00" level=debug msg="Did open UDP broadcast socket" 
time="2016-09-24T13:51:47+01:00" level=debug msg="Did successfully write broadcast message" 
time="2016-09-24T13:51:52+01:00" level=debug msg=Broadcasting.. 
time="2016-09-24T13:51:52+01:00" level=debug msg="Did open UDP broadcast socket" 
time="2016-09-24T13:51:52+01:00" level=debug msg="Did successfully write broadcast message" 
time="2016-09-24T13:51:57+01:00" level=debug msg=Broadcasting.. 
time="2016-09-24T13:51:57+01:00" level=debug msg="Did open UDP broadcast socket" 
time="2016-09-24T13:51:57+01:00" level=debug msg="Did successfully write broadcast message" 
time="2016-09-24T13:52:02+01:00" level=debug msg=Broadcasting.. 
time="2016-09-24T13:52:02+01:00" level=debug msg="Did open UDP broadcast socket" 
time="2016-09-24T13:52:02+01:00" level=debug msg="Did successfully write broadcast message" 
time="2016-09-24T13:52:07+01:00" level=debug msg=Broadcasting.. 
time="2016-09-24T13:52:07+01:00" level=debug msg="Did open UDP broadcast socket" 
time="2016-09-24T13:52:07+01:00" level=debug msg="Did successfully write broadcast message" 
time="2016-09-24T13:52:12+01:00" level=debug msg=Broadcasting.. 
time="2016-09-24T13:52:12+01:00" level=debug msg="Did open UDP broadcast socket" 
time="2016-09-24T13:52:12+01:00" level=debug msg="Did successfully write broadcast message" 
time="2016-09-24T13:52:17+01:00" level=debug msg=Broadcasting.. 
time="2016-09-24T13:52:17+01:00" level=debug msg="Did open UDP broadcast socket" 
time="2016-09-24T13:52:17+01:00" level=debug msg="Did successfully write broadcast message" 
time="2016-09-24T13:52:22+01:00" level=debug msg=Broadcasting.. 
time="2016-09-24T13:52:22+01:00" level=debug msg="Did open UDP broadcast socket" 
time="2016-09-24T13:52:22+01:00" level=debug msg="Did successfully write broadcast message" 
time="2016-09-24T13:52:27+01:00" level=debug msg=Broadcasting.. 
time="2016-09-24T13:52:27+01:00" level=debug msg="Did open UDP broadcast socket" 
time="2016-09-24T13:52:27+01:00" level=debug msg="Did successfully write broadcast message" 
time="2016-09-24T13:52:32+01:00" level=debug msg=Broadcasting.. 
time="2016-09-24T13:52:32+01:00" level=debug msg="Did open UDP broadcast socket" 
time="2016-09-24T13:52:32+01:00" level=debug msg="Did successfully write broadcast message" 
time="2016-09-24T13:52:37+01:00" level=debug msg=Broadcasting.. 
time="2016-09-24T13:52:37+01:00" level=debug msg="Did open UDP broadcast socket" 
time="2016-09-24T13:52:37+01:00" level=debug msg="Did successfully write broadcast message" 
time="2016-09-24T13:52:42+01:00" level=debug msg=Broadcasting.. 
time="2016-09-24T13:52:42+01:00" level=debug msg="Did open UDP broadcast socket" 
time="2016-09-24T13:52:42+01:00" level=debug msg="Did successfully write broadcast message" 
time="2016-09-24T13:52:47+01:00" level=debug msg=Broadcasting.. 
time="2016-09-24T13:52:47+01:00" level=debug msg="Did open UDP broadcast socket" 
time="2016-09-24T13:52:47+01:00" level=debug msg="Did successfully write broadcast message" 
time="2016-09-24T13:52:52+01:00" level=debug msg=Broadcasting.. 
time="2016-09-24T13:52:52+01:00" level=debug msg="Did open UDP broadcast socket" 
time="2016-09-24T13:52:52+01:00" level=debug msg="Did successfully write broadcast message" 
time="2016-09-24T13:52:57+01:00" level=debug msg=Broadcasting.. 
time="2016-09-24T13:52:57+01:00" level=debug msg="Did open UDP broadcast socket" 
time="2016-09-24T13:52:57+01:00" level=debug msg="Did successfully write broadcast message" 
time="2016-09-24T13:53:02+01:00" level=debug msg=Broadcasting.. 
time="2016-09-24T13:53:02+01:00" level=debug msg="Did open UDP broadcast socket" 
time="2016-09-24T13:53:02+01:00" level=debug msg="Did successfully write broadcast message" 
time="2016-09-24T13:53:07+01:00" level=debug msg=Broadcasting.. 
time="2016-09-24T13:53:07+01:00" level=debug msg="Did open UDP broadcast socket" 
time="2016-09-24T13:53:07+01:00" level=debug msg="Did successfully write broadcast message" 
time="2016-09-24T13:53:12+01:00" level=debug msg=Broadcasting.. 
time="2016-09-24T13:53:12+01:00" level=debug msg="Did open UDP broadcast socket" 
time="2016-09-24T13:53:12+01:00" level=debug msg="Did successfully write broadcast message" 
time="2016-09-24T13:53:17+01:00" level=debug msg=Broadcasting.. 
time="2016-09-24T13:53:17+01:00" level=debug msg="Did open UDP broadcast socket" 
time="2016-09-24T13:53:17+01:00" level=debug msg="Did successfully write broadcast message" 
time="2016-09-24T13:53:22+01:00" level=debug msg=Broadcasting.. 
time="2016-09-24T13:53:22+01:00" level=debug msg="Did open UDP broadcast socket" 
time="2016-09-24T13:53:22+01:00" level=debug msg="Did successfully write broadcast message" 
time="2016-09-24T13:53:27+01:00" level=debug msg=Broadcasting.. 
time="2016-09-24T13:53:27+01:00" level=debug msg="Did open UDP broadcast socket" 
time="2016-09-24T13:53:27+01:00" level=debug msg="Did successfully write broadcast message" 
time="2016-09-24T13:53:32+01:00" level=debug msg=Broadcasting.. 
time="2016-09-24T13:53:32+01:00" level=debug msg="Did open UDP broadcast socket" 
time="2016-09-24T13:53:32+01:00" level=debug msg="Did successfully write broadcast message" 
time="2016-09-24T13:53:37+01:00" level=debug msg=Broadcasting.. 
time="2016-09-24T13:53:37+01:00" level=debug msg="Did open UDP broadcast socket" 
time="2016-09-24T13:53:37+01:00" level=debug msg="Did successfully write broadcast message" 
time="2016-09-24T13:53:42+01:00" level=debug msg=Broadcasting.. 
time="2016-09-24T13:53:42+01:00" level=debug msg="Did open UDP broadcast socket" 
time="2016-09-24T13:53:42+01:00" level=debug msg="Did successfully write broadcast message" 
time="2016-09-24T13:53:47+01:00" level=debug msg=Broadcasting.. 
time="2016-09-24T13:53:47+01:00" level=debug msg="Did open UDP broadcast socket" 
time="2016-09-24T13:53:47+01:00" level=debug msg="Did successfully write broadcast message" 
time="2016-09-24T13:53:52+01:00" level=debug msg=Broadcasting.. 
time="2016-09-24T13:53:52+01:00" level=debug msg="Did open UDP broadcast socket" 
time="2016-09-24T13:53:52+01:00" level=debug msg="Did successfully write broadcast message" 
time="2016-09-24T13:53:57+01:00" level=debug msg=Broadcasting.. 
time="2016-09-24T13:53:57+01:00" level=debug msg="Did open UDP broadcast socket" 
time="2016-09-24T13:53:57+01:00" level=debug msg="Did successfully write broadcast message" 
time="2016-09-24T13:54:02+01:00" level=debug msg=Broadcasting.. 
time="2016-09-24T13:54:02+01:00" level=debug msg="Did open UDP broadcast socket" 
time="2016-09-24T13:54:02+01:00" level=debug msg="Did successfully write broadcast message" 
time="2016-09-24T13:54:07+01:00" level=debug msg=Broadcasting.. 
time="2016-09-24T13:54:07+01:00" level=debug msg="Did open UDP broadcast socket" 
time="2016-09-24T13:54:07+01:00" level=debug msg="Did successfully write broadcast message" 
time="2016-09-24T13:54:12+01:00" level=debug msg=Broadcasting.. 
time="2016-09-24T13:54:12+01:00" level=debug msg="Did open UDP broadcast socket" 
time="2016-09-24T13:54:12+01:00" level=debug msg="Did successfully write broadcast message" 
time="2016-09-24T13:54:17+01:00" level=debug msg=Broadcasting.. 
time="2016-09-24T13:54:17+01:00" level=debug msg="Did open UDP broadcast socket" 
time="2016-09-24T13:54:17+01:00" level=debug msg="Did successfully write broadcast message" 
time="2016-09-24T13:54:22+01:00" level=debug msg=Broadcasting.. 
time="2016-09-24T13:54:22+01:00" level=debug msg="Did open UDP broadcast socket" 
time="2016-09-24T13:54:22+01:00" level=debug msg="Did successfully write broadcast message" 
time="2016-09-24T13:54:27+01:00" level=debug msg=Broadcasting.. 
time="2016-09-24T13:54:27+01:00" level=debug msg="Did open UDP broadcast socket" 
time="2016-09-24T13:54:27+01:00" level=debug msg="Did successfully write broadcast message" 
time="2016-09-24T13:54:32+01:00" level=debug msg=Broadcasting.. 
time="2016-09-24T13:54:32+01:00" level=debug msg="Did open UDP broadcast socket" 
time="2016-09-24T13:54:32+01:00" level=debug msg="Did successfully write broadcast message" 
time="2016-09-24T13:54:37+01:00" level=debug msg=Broadcasting.. 
time="2016-09-24T13:54:37+01:00" level=debug msg="Did open UDP broadcast socket" 
time="2016-09-24T13:54:37+01:00" level=debug msg="Did successfully write broadcast message" 
time="2016-09-24T13:54:42+01:00" level=debug msg=Broadcasting.. 
time="2016-09-24T13:54:42+01:00" level=debug msg="Did open UDP broadcast socket" 
time="2016-09-24T13:54:42+01:00" level=debug msg="Did successfully write broadcast message" 
time="2016-09-24T13:54:47+01:00" level=debug msg=Broadcasting.. 
time="2016-09-24T13:54:47+01:00" level=debug msg="Did open UDP broadcast socket" 
time="2016-09-24T13:54:47+01:00" level=debug msg="Did successfully write broadcast message" 
time="2016-09-24T13:54:52+01:00" level=debug msg=Broadcasting.. 
time="2016-09-24T13:54:52+01:00" level=debug msg="Did open UDP broadcast socket" 
time="2016-09-24T13:54:52+01:00" level=debug msg="Did successfully write broadcast message" 
time="2016-09-24T13:54:57+01:00" level=debug msg=Broadcasting.. 
time="2016-09-24T13:54:57+01:00" level=debug msg="Did open UDP broadcast socket" 
time="2016-09-24T13:54:57+01:00" level=debug msg="Did successfully write broadcast message" 
time="2016-09-24T13:55:02+01:00" level=debug msg=Broadcasting.. 
time="2016-09-24T13:55:02+01:00" level=debug msg="Did open UDP broadcast socket" 
time="2016-09-24T13:55:02+01:00" level=debug msg="Did successfully write broadcast message" 
time="2016-09-24T13:55:07+01:00" level=debug msg=Broadcasting.. 
time="2016-09-24T13:55:07+01:00" level=debug msg="Did open UDP broadcast socket" 
time="2016-09-24T13:55:07+01:00" level=debug msg="Did successfully write broadcast message" 
time="2016-09-24T13:55:12+01:00" level=debug msg=Broadcasting.. 
time="2016-09-24T13:55:12+01:00" level=debug msg="Did open UDP broadcast socket" 
time="2016-09-24T13:55:12+01:00" level=debug msg="Did successfully write broadcast message" 
time="2016-09-24T13:55:17+01:00" level=debug msg=Broadcasting.. 
time="2016-09-24T13:55:17+01:00" level=debug msg="Did open UDP broadcast socket" 
time="2016-09-24T13:55:17+01:00" level=debug msg="Did successfully write broadcast message" 
time="2016-09-24T13:55:22+01:00" level=debug msg=Broadcasting.. 
time="2016-09-24T13:55:22+01:00" level=debug msg="Did open UDP broadcast socket" 
time="2016-09-24T13:55:22+01:00" level=debug msg="Did successfully write broadcast message" 
time="2016-09-24T13:55:27+01:00" level=debug msg=Broadcasting.. 
time="2016-09-24T13:55:27+01:00" level=debug msg="Did open UDP broadcast socket" 
time="2016-09-24T13:55:27+01:00" level=debug msg="Did successfully write broadcast message" 
time="2016-09-24T13:55:32+01:00" level=debug msg=Broadcasting.. 
time="2016-09-24T13:55:32+01:00" level=debug msg="Did open UDP broadcast socket" 
time="2016-09-24T13:55:32+01:00" level=debug msg="Did successfully write broadcast message" 
time="2016-09-24T13:55:37+01:00" level=debug msg=Broadcasting.. 
time="2016-09-24T13:55:37+01:00" level=debug msg="Did open UDP broadcast socket" 
time="2016-09-24T13:55:37+01:00" level=debug msg="Did successfully write broadcast message" 
time="2016-09-24T13:55:42+01:00" level=debug msg=Broadcasting.. 
time="2016-09-24T13:55:42+01:00" level=debug msg="Did open UDP broadcast socket" 
time="2016-09-24T13:55:42+01:00" level=debug msg="Did successfully write broadcast message" 
time="2016-09-24T13:55:47+01:00" level=debug msg=Broadcasting.. 
time="2016-09-24T13:55:47+01:00" level=debug msg="Did open UDP broadcast socket" 
time="2016-09-24T13:55:47+01:00" level=debug msg="Did successfully write broadcast message" 
time="2016-09-24T13:55:52+01:00" level=debug msg=Broadcasting.. 
time="2016-09-24T13:55:52+01:00" level=debug msg="Did open UDP broadcast socket" 
time="2016-09-24T13:55:52+01:00" level=debug msg="Did successfully write broadcast message" 
time="2016-09-24T13:55:57+01:00" level=debug msg=Broadcasting.. 
time="2016-09-24T13:55:57+01:00" level=debug msg="Did open UDP broadcast socket" 
time="2016-09-24T13:55:57+01:00" level=debug msg="Did successfully write broadcast message" 
time="2016-09-24T13:56:02+01:00" level=debug msg=Broadcasting.. 
time="2016-09-24T13:56:02+01:00" level=debug msg="Did open UDP broadcast socket" 
time="2016-09-24T13:56:02+01:00" level=debug msg="Did successfully write broadcast message" 
time="2016-09-24T13:56:07+01:00" level=debug msg=Broadcasting.. 
time="2016-09-24T13:56:07+01:00" level=debug msg="Did open UDP broadcast socket" 
time="2016-09-24T13:56:07+01:00" level=debug msg="Did successfully write broadcast message" 
time="2016-09-24T13:56:12+01:00" level=debug msg=Broadcasting.. 
time="2016-09-24T13:56:12+01:00" level=debug msg="Did open UDP broadcast socket" 
time="2016-09-24T13:56:12+01:00" level=debug msg="Did successfully write broadcast message" 
time="2016-09-24T13:56:17+01:00" level=debug msg=Broadcasting.. 
time="2016-09-24T13:56:17+01:00" level=debug msg="Did open UDP broadcast socket" 
time="2016-09-24T13:56:17+01:00" level=debug msg="Did successfully write broadcast message" 
time="2016-09-24T13:56:22+01:00" level=debug msg=Broadcasting.. 
time="2016-09-24T13:56:22+01:00" level=debug msg="Did open UDP broadcast socket" 
time="2016-09-24T13:56:22+01:00" level=debug msg="Did successfully write broadcast message" 
time="2016-09-24T13:56:27+01:00" level=debug msg=Broadcasting.. 
time="2016-09-24T13:56:27+01:00" level=debug msg="Did open UDP broadcast socket" 
time="2016-09-24T13:56:27+01:00" level=debug msg="Did successfully write broadcast message" 
time="2016-09-24T13:56:32+01:00" level=debug msg=Broadcasting.. 
time="2016-09-24T13:56:32+01:00" level=debug msg="Did open UDP broadcast socket" 
time="2016-09-24T13:56:32+01:00" level=debug msg="Did successfully write broadcast message" 
time="2016-09-24T13:56:37+01:00" level=debug msg=Broadcasting.. 
time="2016-09-24T13:56:37+01:00" level=debug msg="Did open UDP broadcast socket" 
time="2016-09-24T13:56:37+01:00" level=debug msg="Did successfully write broadcast message" 
time="2016-09-24T13:56:42+01:00" level=debug msg=Broadcasting.. 
time="2016-09-24T13:56:42+01:00" level=debug msg="Did open UDP broadcast socket" 
time="2016-09-24T13:56:42+01:00" level=debug msg="Did successfully write broadcast message" 
time="2016-09-24T13:56:47+01:00" level=debug msg=Broadcasting.. 
time="2016-09-24T13:56:47+01:00" level=debug msg="Did open UDP broadcast socket" 
time="2016-09-24T13:56:47+01:00" level=debug msg="Did successfully write broadcast message" 
time="2016-09-24T13:56:52+01:00" level=debug msg=Broadcasting.. 
time="2016-09-24T13:56:52+01:00" level=debug msg="Did open UDP broadcast socket" 
time="2016-09-24T13:56:52+01:00" level=debug msg="Did successfully write broadcast message" 
time="2016-09-24T13:56:57+01:00" level=debug msg=Broadcasting.. 
time="2016-09-24T13:56:57+01:00" level=debug msg="Did open UDP broadcast socket" 
time="2016-09-24T13:56:57+01:00" level=debug msg="Did successfully write broadcast message" 
time="2016-09-24T13:57:02+01:00" level=debug msg=Broadcasting.. 
time="2016-09-24T13:57:02+01:00" level=debug msg="Did open UDP broadcast socket" 
time="2016-09-24T13:57:02+01:00" level=debug msg="Did successfully write broadcast message" 
time="2016-09-24T13:57:07+01:00" level=debug msg=Broadcasting.. 
time="2016-09-24T13:57:07+01:00" level=debug msg="Did open UDP broadcast socket" 
time="2016-09-24T13:57:07+01:00" level=debug msg="Did successfully write broadcast message" 
time="2016-09-24T13:57:12+01:00" level=debug msg=Broadcasting.. 
time="2016-09-24T13:57:12+01:00" level=debug msg="Did open UDP broadcast socket" 
time="2016-09-24T13:57:12+01:00" level=debug msg="Did successfully write broadcast message" 
time="2016-09-24T13:57:17+01:00" level=debug msg=Broadcasting.. 
time="2016-09-24T13:57:17+01:00" level=debug msg="Did open UDP broadcast socket" 
time="2016-09-24T13:57:17+01:00" level=debug msg="Did successfully write broadcast message" 
time="2016-09-24T13:57:22+01:00" level=debug msg=Broadcasting.. 
time="2016-09-24T13:57:22+01:00" level=debug msg="Did open UDP broadcast socket" 
time="2016-09-24T13:57:22+01:00" level=debug msg="Did successfully write broadcast message" 
time="2016-09-24T13:57:27+01:00" level=debug msg=Broadcasting.. 
time="2016-09-24T13:57:27+01:00" level=debug msg="Did open UDP broadcast socket" 
time="2016-09-24T13:57:27+01:00" level=debug msg="Did successfully write broadcast message" 
time="2016-09-24T13:57:32+01:00" level=debug msg=Broadcasting.. 
time="2016-09-24T13:57:32+01:00" level=debug msg="Did open UDP broadcast socket" 
time="2016-09-24T13:57:32+01:00" level=debug msg="Did successfully write broadcast message" 
time="2016-09-24T13:57:37+01:00" level=debug msg=Broadcasting.. 
time="2016-09-24T13:57:37+01:00" level=debug msg="Did open UDP broadcast socket" 
time="2016-09-24T13:57:37+01:00" level=debug msg="Did successfully write broadcast message" 
time="2016-09-24T13:57:42+01:00" level=debug msg=Broadcasting.. 
time="2016-09-24T13:57:42+01:00" level=debug msg="Did open UDP broadcast socket" 
time="2016-09-24T13:57:42+01:00" level=debug msg="Did successfully write broadcast message" 
time="2016-09-24T13:57:47+01:00" level=debug msg=Broadcasting.. 
time="2016-09-24T13:57:47+01:00" level=debug msg="Did open UDP broadcast socket" 
time="2016-09-24T13:57:47+01:00" level=debug msg="Did successfully write broadcast message" 
time="2016-09-24T13:57:52+01:00" level=debug msg=Broadcasting.. 
time="2016-09-24T13:57:52+01:00" level=debug msg="Did open UDP broadcast socket" 
time="2016-09-24T13:57:52+01:00" level=debug msg="Did successfully write broadcast message" 
time="2016-09-24T13:57:57+01:00" level=debug msg=Broadcasting.. 
time="2016-09-24T13:57:57+01:00" level=debug msg="Did open UDP broadcast socket" 
time="2016-09-24T13:57:57+01:00" level=debug msg="Did successfully write broadcast message" 
time="2016-09-24T13:58:02+01:00" level=debug msg=Broadcasting.. 
time="2016-09-24T13:58:02+01:00" level=debug msg="Did open UDP broadcast socket" 
time="2016-09-24T13:58:02+01:00" level=debug msg="Did successfully write broadcast message" 
time="2016-09-24T13:58:07+01:00" level=debug msg=Broadcasting.. 
time="2016-09-24T13:58:07+01:00" level=debug msg="Did open UDP broadcast socket" 
time="2016-09-24T13:58:07+01:00" level=debug msg="Did successfully write broadcast message" 
time="2016-09-24T13:58:12+01:00" level=debug msg=Broadcasting.. 
time="2016-09-24T13:58:12+01:00" level=debug msg="Did open UDP broadcast socket" 
time="2016-09-24T13:58:12+01:00" level=debug msg="Did successfully write broadcast message" 
time="2016-09-24T13:58:17+01:00" level=debug msg=Broadcasting.. 
time="2016-09-24T13:58:17+01:00" level=debug msg="Did open UDP broadcast socket" 
time="2016-09-24T13:58:17+01:00" level=debug msg="Did successfully write broadcast message" 
time="2016-09-24T13:58:22+01:00" level=debug msg=Broadcasting.. 
time="2016-09-24T13:58:22+01:00" level=debug msg="Did open UDP broadcast socket" 
time="2016-09-24T13:58:22+01:00" level=debug msg="Did successfully write broadcast message" 
time="2016-09-24T13:58:27+01:00" level=debug msg=Broadcasting.. 
time="2016-09-24T13:58:27+01:00" level=debug msg="Did open UDP broadcast socket" 
time="2016-09-24T13:58:27+01:00" level=debug msg="Did successfully write broadcast message" 
time="2016-09-24T13:58:32+01:00" level=debug msg=Broadcasting.. 
time="2016-09-24T13:58:32+01:00" level=debug msg="Did open UDP broadcast socket" 
time="2016-09-24T13:58:32+01:00" level=debug msg="Did successfully write broadcast message" 
time="2016-09-24T13:58:37+01:00" level=debug msg=Broadcasting.. 
time="2016-09-24T13:58:37+01:00" level=debug msg="Did open UDP broadcast socket" 
time="2016-09-24T13:58:37+01:00" level=debug msg="Did successfully write broadcast message" 
time="2016-09-24T13:58:42+01:00" level=debug msg=Broadcasting.. 
time="2016-09-24T13:58:42+01:00" level=debug msg="Did open UDP broadcast socket" 
time="2016-09-24T13:58:42+01:00" level=debug msg="Did successfully write broadcast message" 
time="2016-09-24T13:58:47+01:00" level=debug msg=Broadcasting.. 
time="2016-09-24T13:58:47+01:00" level=debug msg="Did open UDP broadcast socket" 
time="2016-09-24T13:58:47+01:00" level=debug msg="Did successfully write broadcast message" 
time="2016-09-24T13:58:52+01:00" level=debug msg=Broadcasting.. 
time="2016-09-24T13:58:52+01:00" level=debug msg="Did open UDP broadcast socket" 
time="2016-09-24T13:58:52+01:00" level=debug msg="Did successfully write broadcast message" 
time="2016-09-24T13:58:57+01:00" level=debug msg=Broadcasting.. 
time="2016-09-24T13:58:57+01:00" level=debug msg="Did open UDP broadcast socket" 
time="2016-09-24T13:58:57+01:00" level=debug msg="Did successfully write broadcast message" 
time="2016-09-24T13:59:02+01:00" level=debug msg=Broadcasting.. 
time="2016-09-24T13:59:02+01:00" level=debug msg="Did open UDP broadcast socket" 
time="2016-09-24T13:59:02+01:00" level=debug msg="Did successfully write broadcast message" 
time="2016-09-24T13:59:07+01:00" level=debug msg=Broadcasting.. 
time="2016-09-24T13:59:07+01:00" level=debug msg="Did open UDP broadcast socket" 
time="2016-09-24T13:59:07+01:00" level=debug msg="Did successfully write broadcast message" 
time="2016-09-24T13:59:12+01:00" level=debug msg=Broadcasting.. 
time="2016-09-24T13:59:12+01:00" level=debug msg="Did open UDP broadcast socket" 
time="2016-09-24T13:59:12+01:00" level=debug msg="Did successfully write broadcast message" 
time="2016-09-24T13:59:17+01:00" level=debug msg=Broadcasting.. 
time="2016-09-24T13:59:17+01:00" level=debug msg="Did open UDP broadcast socket" 
time="2016-09-24T13:59:17+01:00" level=debug msg="Did successfully write broadcast message" 
time="2016-09-24T13:59:22+01:00" level=debug msg=Broadcasting.. 
time="2016-09-24T13:59:22+01:00" level=debug msg="Did open UDP broadcast socket" 
time="2016-09-24T13:59:22+01:00" level=debug msg="Did successfully write broadcast message" 
time="2016-09-24T13:59:27+01:00" level=debug msg=Broadcasting.. 
time="2016-09-24T13:59:27+01:00" level=debug msg="Did open UDP broadcast socket" 
time="2016-09-24T13:59:27+01:00" level=debug msg="Did successfully write broadcast message" 
time="2016-09-24T13:59:32+01:00" level=debug msg=Broadcasting.. 
time="2016-09-24T13:59:32+01:00" level=debug msg="Did open UDP broadcast socket" 
time="2016-09-24T13:59:32+01:00" level=debug msg="Did successfully write broadcast message" 
time="2016-09-24T13:59:37+01:00" level=debug msg=Broadcasting.. 
time="2016-09-24T13:59:37+01:00" level=debug msg="Did open UDP broadcast socket" 
time="2016-09-24T13:59:37+01:00" level=debug msg="Did successfully write broadcast message" 
time="2016-09-24T13:59:42+01:00" level=debug msg=Broadcasting.. 
time="2016-09-24T13:59:42+01:00" level=debug msg="Did open UDP broadcast socket" 
time="2016-09-24T13:59:42+01:00" level=debug msg="Did successfully write broadcast message" 
time="2016-09-24T13:59:47+01:00" level=debug msg=Broadcasting.. 
time="2016-09-24T13:59:47+01:00" level=debug msg="Did open UDP broadcast socket" 
time="2016-09-24T13:59:47+01:00" level=debug msg="Did successfully write broadcast message" 
time="2016-09-24T13:59:52+01:00" level=debug msg=Broadcasting.. 
time="2016-09-24T13:59:52+01:00" level=debug msg="Did open UDP broadcast socket" 
time="2016-09-24T13:59:52+01:00" level=debug msg="Did successfully write broadcast message" 
time="2016-09-24T13:59:57+01:00" level=debug msg=Broadcasting.. 
time="2016-09-24T13:59:57+01:00" level=debug msg="Did open UDP broadcast socket" 
time="2016-09-24T13:59:57+01:00" level=debug msg="Did successfully write broadcast message" 
time="2016-09-24T14:00:02+01:00" level=debug msg=Broadcasting.. 
time="2016-09-24T14:00:02+01:00" level=debug msg="Did open UDP broadcast socket" 
time="2016-09-24T14:00:02+01:00" level=debug msg="Did successfully write broadcast message" 
time="2016-09-24T14:00:07+01:00" level=debug msg=Broadcasting.. 
time="2016-09-24T14:00:07+01:00" level=debug msg="Did open UDP broadcast socket" 
time="2016-09-24T14:00:07+01:00" level=debug msg="Did successfully write broadcast message" 
time="2016-09-24T14:00:12+01:00" level=debug msg=Broadcasting.. 
time="2016-09-24T14:00:12+01:00" level=debug msg="Did open UDP broadcast socket" 
time="2016-09-24T14:00:12+01:00" level=debug msg="Did successfully write broadcast message" 
time="2016-09-24T14:00:17+01:00" level=debug msg=Broadcasting.. 
time="2016-09-24T14:00:17+01:00" level=debug msg="Did open UDP broadcast socket" 
time="2016-09-24T14:00:17+01:00" level=debug msg="Did successfully write broadcast message" 
time="2016-09-24T14:00:22+01:00" level=debug msg=Broadcasting.. 
time="2016-09-24T14:00:22+01:00" level=debug msg="Did open UDP broadcast socket" 
time="2016-09-24T14:00:22+01:00" level=debug msg="Did successfully write broadcast message" 
time="2016-09-24T14:00:27+01:00" level=debug msg=Broadcasting.. 
time="2016-09-24T14:00:27+01:00" level=debug msg="Did open UDP broadcast socket" 
time="2016-09-24T14:00:27+01:00" level=debug msg="Did successfully write broadcast message" 
time="2016-09-24T14:00:32+01:00" level=debug msg=Broadcasting.. 
time="2016-09-24T14:00:32+01:00" level=debug msg="Did open UDP broadcast socket" 
time="2016-09-24T14:00:32+01:00" level=debug msg="Did successfully write broadcast message" 
time="2016-09-24T14:00:37+01:00" level=debug msg=Broadcasting.. 
time="2016-09-24T14:00:37+01:00" level=debug msg="Did open UDP broadcast socket" 
time="2016-09-24T14:00:37+01:00" level=debug msg="Did successfully write broadcast message" 
time="2016-09-24T14:00:42+01:00" level=debug msg=Broadcasting.. 
time="2016-09-24T14:00:42+01:00" level=debug msg="Did open UDP broadcast socket" 
time="2016-09-24T14:00:42+01:00" level=debug msg="Did successfully write broadcast message" 
time="2016-09-24T14:00:47+01:00" level=debug msg=Broadcasting.. 
time="2016-09-24T14:00:47+01:00" level=debug msg="Did open UDP broadcast socket" 
time="2016-09-24T14:00:47+01:00" level=debug msg="Did successfully write broadcast message" 
time="2016-09-24T14:00:52+01:00" level=debug msg=Broadcasting.. 
time="2016-09-24T14:00:52+01:00" level=debug msg="Did open UDP broadcast socket" 
time="2016-09-24T14:00:52+01:00" level=debug msg="Did successfully write broadcast message" 
time="2016-09-24T14:00:57+01:00" level=debug msg=Broadcasting.. 
time="2016-09-24T14:00:57+01:00" level=debug msg="Did open UDP broadcast socket" 
time="2016-09-24T14:00:57+01:00" level=debug msg="Did successfully write broadcast message" 
time="2016-09-24T14:01:02+01:00" level=debug msg=Broadcasting.. 
time="2016-09-24T14:01:02+01:00" level=debug msg="Did open UDP broadcast socket" 
time="2016-09-24T14:01:02+01:00" level=debug msg="Did successfully write broadcast message" 
time="2016-09-24T14:01:07+01:00" level=debug msg=Broadcasting.. 
time="2016-09-24T14:01:07+01:00" level=debug msg="Did open UDP broadcast socket" 
time="2016-09-24T14:01:07+01:00" level=debug msg="Did successfully write broadcast message" 
time="2016-09-24T14:01:12+01:00" level=debug msg=Broadcasting.. 
time="2016-09-24T14:01:12+01:00" level=debug msg="Did open UDP broadcast socket" 
time="2016-09-24T14:01:12+01:00" level=debug msg="Did successfully write broadcast message" 
time="2016-09-24T14:01:17+01:00" level=debug msg=Broadcasting.. 
time="2016-09-24T14:01:17+01:00" level=debug msg="Did open UDP broadcast socket" 
time="2016-09-24T14:01:17+01:00" level=debug msg="Did successfully write broadcast message" 
time="2016-09-24T14:01:22+01:00" level=debug msg=Broadcasting.. 
time="2016-09-24T14:01:22+01:00" level=debug msg="Did open UDP broadcast socket" 
time="2016-09-24T14:01:22+01:00" level=debug msg="Did successfully write broadcast message" 
time="2016-09-24T14:01:27+01:00" level=debug msg=Broadcasting.. 
time="2016-09-24T14:01:27+01:00" level=debug msg="Did open UDP broadcast socket" 
time="2016-09-24T14:01:27+01:00" level=debug msg="Did successfully write broadcast message" 
time="2016-09-24T14:01:32+01:00" level=debug msg=Broadcasting.. 
time="2016-09-24T14:01:32+01:00" level=debug msg="Did open UDP broadcast socket" 
time="2016-09-24T14:01:32+01:00" level=debug msg="Did successfully write broadcast message" 
time="2016-09-24T14:01:37+01:00" level=debug msg=Broadcasting.. 
time="2016-09-24T14:01:37+01:00" level=debug msg="Did open UDP broadcast socket" 
time="2016-09-24T14:01:37+01:00" level=debug msg="Did successfully write broadcast message" 
time="2016-09-24T14:01:42+01:00" level=debug msg=Broadcasting.. 
time="2016-09-24T14:01:42+01:00" level=debug msg="Did open UDP broadcast socket" 
time="2016-09-24T14:01:42+01:00" level=debug msg="Did successfully write broadcast message" 
time="2016-09-24T14:01:47+01:00" level=debug msg=Broadcasting.. 
time="2016-09-24T14:01:47+01:00" level=debug msg="Did open UDP broadcast socket" 
time="2016-09-24T14:01:47+01:00" level=debug msg="Did successfully write broadcast message" 
time="2016-09-24T14:01:52+01:00" level=debug msg=Broadcasting.. 
time="2016-09-24T14:01:52+01:00" level=debug msg="Did open UDP broadcast socket" 
time="2016-09-24T14:01:52+01:00" level=debug msg="Did successfully write broadcast message" 
time="2016-09-24T14:01:57+01:00" level=debug msg=Broadcasting.. 
time="2016-09-24T14:01:57+01:00" level=debug msg="Did open UDP broadcast socket" 
time="2016-09-24T14:01:57+01:00" level=debug msg="Did successfully write broadcast message" 
time="2016-09-24T14:02:02+01:00" level=debug msg=Broadcasting.. 
time="2016-09-24T14:02:02+01:00" level=debug msg="Did open UDP broadcast socket" 
time="2016-09-24T14:02:02+01:00" level=debug msg="Did successfully write broadcast message" 
time="2016-09-24T14:02:07+01:00" level=debug msg=Broadcasting.. 
time="2016-09-24T14:02:07+01:00" level=debug msg="Did open UDP broadcast socket" 
time="2016-09-24T14:02:07+01:00" level=debug msg="Did successfully write broadcast message" 
time="2016-09-24T14:02:12+01:00" level=debug msg=Broadcasting.. 
time="2016-09-24T14:02:12+01:00" level=debug msg="Did open UDP broadcast socket" 
time="2016-09-24T14:02:12+01:00" level=debug msg="Did successfully write broadcast message" 
time="2016-09-24T14:02:17+01:00" level=debug msg=Broadcasting.. 
time="2016-09-24T14:02:17+01:00" level=debug msg="Did open UDP broadcast socket" 
time="2016-09-24T14:02:17+01:00" level=debug msg="Did successfully write broadcast message" 
time="2016-09-24T14:02:22+01:00" level=debug msg=Broadcasting.. 
time="2016-09-24T14:02:22+01:00" level=debug msg="Did open UDP broadcast socket" 
time="2016-09-24T14:02:22+01:00" level=debug msg="Did successfully write broadcast message" 
time="2016-09-24T14:02:27+01:00" level=debug msg=Broadcasting.. 
time="2016-09-24T14:02:27+01:00" level=debug msg="Did open UDP broadcast socket" 
time="2016-09-24T14:02:27+01:00" level=debug msg="Did successfully write broadcast message" 
time="2016-09-24T14:02:32+01:00" level=debug msg=Broadcasting.. 
time="2016-09-24T14:02:32+01:00" level=debug msg="Did open UDP broadcast socket" 
time="2016-09-24T14:02:32+01:00" level=debug msg="Did successfully write broadcast message" 
time="2016-09-24T14:02:37+01:00" level=debug msg=Broadcasting.. 
time="2016-09-24T14:02:37+01:00" level=debug msg="Did open UDP broadcast socket" 
time="2016-09-24T14:02:37+01:00" level=debug msg="Did successfully write broadcast message" 
time="2016-09-24T14:02:42+01:00" level=debug msg=Broadcasting.. 
time="2016-09-24T14:02:42+01:00" level=debug msg="Did open UDP broadcast socket" 
time="2016-09-24T14:02:42+01:00" level=debug msg="Did successfully write broadcast message" 
time="2016-09-24T14:02:47+01:00" level=debug msg=Broadcasting.. 
time="2016-09-24T14:02:47+01:00" level=debug msg="Did open UDP broadcast socket" 
time="2016-09-24T14:02:47+01:00" level=debug msg="Did successfully write broadcast message" 
time="2016-09-24T14:02:52+01:00" level=debug msg=Broadcasting.. 
time="2016-09-24T14:02:52+01:00" level=debug msg="Did open UDP broadcast socket" 
time="2016-09-24T14:02:52+01:00" level=debug msg="Did successfully write broadcast message" 
time="2016-09-24T14:02:57+01:00" level=debug msg=Broadcasting.. 
time="2016-09-24T14:02:57+01:00" level=debug msg="Did open UDP broadcast socket" 
time="2016-09-24T14:02:57+01:00" level=debug msg="Did successfully write broadcast message" 
time="2016-09-24T14:03:02+01:00" level=debug msg=Broadcasting.. 
time="2016-09-24T14:03:02+01:00" level=debug msg="Did open UDP broadcast socket" 
time="2016-09-24T14:03:02+01:00" level=debug msg="Did successfully write broadcast message" 
time="2016-09-24T14:03:07+01:00" level=debug msg=Broadcasting.. 
time="2016-09-24T14:03:07+01:00" level=debug msg="Did open UDP broadcast socket" 
time="2016-09-24T14:03:07+01:00" level=debug msg="Did successfully write broadcast message" 
time="2016-09-24T14:03:12+01:00" level=debug msg=Broadcasting.. 
time="2016-09-24T14:03:12+01:00" level=debug msg="Did open UDP broadcast socket" 
time="2016-09-24T14:03:12+01:00" level=debug msg="Did successfully write broadcast message" 
time="2016-09-24T14:03:17+01:00" level=debug msg=Broadcasting.. 
time="2016-09-24T14:03:17+01:00" level=debug msg="Did open UDP broadcast socket" 
time="2016-09-24T14:03:17+01:00" level=debug msg="Did successfully write broadcast message" 
time="2016-09-24T14:03:22+01:00" level=debug msg=Broadcasting.. 
time="2016-09-24T14:03:22+01:00" level=debug msg="Did open UDP broadcast socket" 
time="2016-09-24T14:03:22+01:00" level=debug msg="Did successfully write broadcast message" 
time="2016-09-24T14:03:27+01:00" level=debug msg=Broadcasting.. 
time="2016-09-24T14:03:27+01:00" level=debug msg="Did open UDP broadcast socket" 
time="2016-09-24T14:03:27+01:00" level=debug msg="Did successfully write broadcast message" 
time="2016-09-24T14:03:32+01:00" level=debug msg=Broadcasting.. 
time="2016-09-24T14:03:32+01:00" level=debug msg="Did open UDP broadcast socket" 
time="2016-09-24T14:03:32+01:00" level=debug msg="Did successfully write broadcast message" 
time="2016-09-24T14:03:37+01:00" level=debug msg=Broadcasting.. 
time="2016-09-24T14:03:37+01:00" level=debug msg="Did open UDP broadcast socket" 
time="2016-09-24T14:03:37+01:00" level=debug msg="Did successfully write broadcast message" 
time="2016-09-24T14:03:42+01:00" level=debug msg=Broadcasting.. 
time="2016-09-24T14:03:42+01:00" level=debug msg="Did open UDP broadcast socket" 
time="2016-09-24T14:03:42+01:00" level=debug msg="Did successfully write broadcast message" 
time="2016-09-24T14:03:47+01:00" level=debug msg=Broadcasting.. 
time="2016-09-24T14:03:47+01:00" level=debug msg="Did open UDP broadcast socket" 
time="2016-09-24T14:03:47+01:00" level=debug msg="Did successfully write broadcast message" 
time="2016-09-24T14:03:52+01:00" level=debug msg=Broadcasting.. 
time="2016-09-24T14:03:52+01:00" level=debug msg="Did open UDP broadcast socket" 
time="2016-09-24T14:03:52+01:00" level=debug msg="Did successfully write broadcast message" 
time="2016-09-24T14:03:57+01:00" level=debug msg=Broadcasting.. 
time="2016-09-24T14:03:57+01:00" level=debug msg="Did open UDP broadcast socket" 
time="2016-09-24T14:03:57+01:00" level=debug msg="Did successfully write broadcast message" 
time="2016-09-24T14:04:02+01:00" level=debug msg=Broadcasting.. 
time="2016-09-24T14:04:02+01:00" level=debug msg="Did open UDP broadcast socket" 
time="2016-09-24T14:04:02+01:00" level=debug msg="Did successfully write broadcast message" 
time="2016-09-24T14:04:07+01:00" level=debug msg=Broadcasting.. 
time="2016-09-24T14:04:07+01:00" level=debug msg="Did open UDP broadcast socket" 
time="2016-09-24T14:04:07+01:00" level=debug msg="Did successfully write broadcast message" 
time="2016-09-24T14:04:12+01:00" level=debug msg=Broadcasting.. 
time="2016-09-24T14:04:12+01:00" level=debug msg="Did open UDP broadcast socket" 
time="2016-09-24T14:04:12+01:00" level=debug msg="Did successfully write broadcast message" 
time="2016-09-24T14:04:17+01:00" level=debug msg=Broadcasting.. 
time="2016-09-24T14:04:17+01:00" level=debug msg="Did open UDP broadcast socket" 
time="2016-09-24T14:04:17+01:00" level=debug msg="Did successfully write broadcast message" 
time="2016-09-24T14:04:22+01:00" level=debug msg=Broadcasting.. 
time="2016-09-24T14:04:22+01:00" level=debug msg="Did open UDP broadcast socket" 
time="2016-09-24T14:04:22+01:00" level=debug msg="Did successfully write broadcast message" 
time="2016-09-24T14:04:27+01:00" level=debug msg=Broadcasting.. 
time="2016-09-24T14:04:27+01:00" level=debug msg="Did open UDP broadcast socket" 
time="2016-09-24T14:04:27+01:00" level=debug msg="Did successfully write broadcast message" 
time="2016-09-24T14:04:32+01:00" level=debug msg=Broadcasting.. 
time="2016-09-24T14:04:32+01:00" level=debug msg="Did open UDP broadcast socket" 
time="2016-09-24T14:04:32+01:00" level=debug msg="Did successfully write broadcast message" 
time="2016-09-24T14:04:37+01:00" level=debug msg=Broadcasting.. 
time="2016-09-24T14:04:37+01:00" level=debug msg="Did open UDP broadcast socket" 
time="2016-09-24T14:04:37+01:00" level=debug msg="Did successfully write broadcast message" 
time="2016-09-24T14:04:42+01:00" level=debug msg=Broadcasting.. 
time="2016-09-24T14:04:42+01:00" level=debug msg="Did open UDP broadcast socket" 
time="2016-09-24T14:04:42+01:00" level=debug msg="Did successfully write broadcast message" 
time="2016-09-24T14:04:47+01:00" level=debug msg=Broadcasting.. 
time="2016-09-24T14:04:47+01:00" level=debug msg="Did open UDP broadcast socket" 
time="2016-09-24T14:04:47+01:00" level=debug msg="Did successfully write broadcast message" 
time="2016-09-24T14:04:52+01:00" level=debug msg=Broadcasting.. 
time="2016-09-24T14:04:52+01:00" level=debug msg="Did open UDP broadcast socket" 
time="2016-09-24T14:04:52+01:00" level=debug msg="Did successfully write broadcast message" 
time="2016-09-24T14:04:57+01:00" level=debug msg=Broadcasting.. 
time="2016-09-24T14:04:57+01:00" level=debug msg="Did open UDP broadcast socket" 
time="2016-09-24T14:04:57+01:00" level=debug msg="Did successfully write broadcast message" 
